
================================================================================
CADDY START 2025-12-06 02:54:24
================================================================================
[2025-12-06 02:54:25] {"level":"info","ts":1764989665.0560834,"msg":"maxprocs: Leaving GOMAXPROCS=24: CPU quota undefined"}
[2025-12-06 02:54:25] {"level":"info","ts":1764989665.0560834,"msg":"GOMEMLIMIT is updated","package":"github.com/KimMachineGun/automemlimit/memlimit","GOMEMLIMIT":30679629004,"previous":9223372036854775807}
[2025-12-06 02:54:25] {"level":"info","ts":1764989665.0565846,"msg":"using config from file","file":"B:\\Prog Projects\\MINREFACT\\ServerSide\\data\\Caddyfile"}
[2025-12-06 02:54:25] {"level":"info","ts":1764989665.0570853,"msg":"adapted config to JSON","adapter":"caddyfile"}
[2025-12-06 02:54:25] {"level":"warn","ts":1764989665.0570853,"msg":"Caddyfile input is not formatted; run 'caddy fmt --overwrite' to fix inconsistencies","adapter":"caddyfile","file":"B:\\Prog Projects\\MINREFACT\\ServerSide\\data\\Caddyfile","line":2}
[2025-12-06 02:54:25] {"level":"info","ts":1764989665.0645847,"logger":"admin","msg":"admin endpoint started","address":"localhost:2019","enforce_origin":false,"origins":["//127.0.0.1:2019","//localhost:2019","//[::1]:2019"]}
[2025-12-06 02:54:25] {"level":"info","ts":1764989665.0645847,"logger":"tls.cache.maintenance","msg":"started background certificate maintenance","cache":"0xc000494d80"}
[2025-12-06 02:54:25] {"level":"info","ts":1764989665.0645847,"logger":"http.auto_https","msg":"server is listening only on the HTTPS port but has no TLS connection policies; adding one to enable TLS","server_name":"srv0","https_port":443}
[2025-12-06 02:54:25] {"level":"info","ts":1764989665.0645847,"logger":"http.auto_https","msg":"enabling automatic HTTP->HTTPS redirects","server_name":"srv0"}
[2025-12-06 02:54:25] {"level":"info","ts":1764989665.0650852,"logger":"http","msg":"enabling HTTP/3 listener","addr":":443"}
[2025-12-06 02:54:25] {"level":"info","ts":1764989665.0650852,"logger":"http.log","msg":"server running","name":"srv0","protocols":["h1","h2","h3"]}
[2025-12-06 02:54:25] {"level":"warn","ts":1764989665.0650852,"logger":"http","msg":"HTTP/2 skipped because it requires TLS","network":"tcp","addr":":80"}
[2025-12-06 02:54:25] {"level":"warn","ts":1764989665.0650852,"logger":"http","msg":"HTTP/3 skipped because it requires TLS","network":"tcp","addr":":80"}
[2025-12-06 02:54:25] {"level":"info","ts":1764989665.0650852,"logger":"http.log","msg":"server running","name":"remaining_auto_https_redirects","protocols":["h1","h2","h3"]}
[2025-12-06 02:54:25] {"level":"info","ts":1764989665.0650852,"logger":"http","msg":"enabling automatic TLS certificate management","domains":["jmgaming.chickenkille.com"]}
[2025-12-06 02:54:25] {"level":"info","ts":1764989665.0655854,"msg":"autosaved config (load with --resume flag)","file":"C:\\Users\\romai\\AppData\\Roaming\\Caddy\\autosave.json"}
[2025-12-06 02:54:25] {"level":"info","ts":1764989665.0655854,"msg":"serving initial configuration"}
[2025-12-06 02:54:25] {"level":"info","ts":1764989665.0665846,"logger":"tls.obtain","msg":"acquiring lock","identifier":"jmgaming.chickenkille.com"}
[2025-12-06 02:54:25] {"level":"info","ts":1764989665.0665846,"logger":"tls","msg":"storage cleaning happened too recently; skipping for now","storage":"FileStorage:C:\\Users\\romai\\AppData\\Roaming\\Caddy","instance":"3acdda7e-315f-47e7-a0dd-9e5fe5f44e19","try_again":1765076065.0665846,"try_again_in":86400}
[2025-12-06 02:54:25] {"level":"info","ts":1764989665.0665846,"logger":"tls","msg":"finished cleaning storage units"}
[2025-12-06 02:54:25] 1.7649896650665846e+09	info	[FileStorage:C:\Users\romai\AppData\Roaming\Caddy] Lock for 'issue_cert_jmgaming.chickenkille.com' is stale (created: 2025-12-06 02:48:24.5754376 +0000 UTC, last update: 2025-12-06 02:49:14.595106 +0000 UTC); removing then retrying: C:\Users\romai\AppData\Roaming\Caddy\locks\issue_cert_jmgaming.chickenkille.com.lock
[2025-12-06 02:54:25] {"level":"info","ts":1764989665.0675852,"logger":"tls.obtain","msg":"lock acquired","identifier":"jmgaming.chickenkille.com"}
[2025-12-06 02:54:25] {"level":"info","ts":1764989665.0680845,"logger":"tls.obtain","msg":"obtaining certificate","identifier":"jmgaming.chickenkille.com"}
[2025-12-06 02:54:25] {"level":"info","ts":1764989665.0685856,"logger":"http","msg":"waiting on internal rate limiter","identifiers":["jmgaming.chickenkille.com"],"ca":"https://acme-v02.api.letsencrypt.org/directory","account":""}
[2025-12-06 02:54:25] {"level":"info","ts":1764989665.0685856,"logger":"http","msg":"done waiting on internal rate limiter","identifiers":["jmgaming.chickenkille.com"],"ca":"https://acme-v02.api.letsencrypt.org/directory","account":""}
[2025-12-06 02:54:25] {"level":"info","ts":1764989665.0685856,"logger":"http","msg":"using ACME account","account_id":"https://acme-v02.api.letsencrypt.org/acme/acct/2854311316","account_contact":[]}
[2025-12-06 02:54:25] {"level":"info","ts":1764989665.9712696,"msg":"trying to solve challenge","identifier":"jmgaming.chickenkille.com","challenge_type":"tls-alpn-01","ca":"https://acme-v02.api.letsencrypt.org/directory"}
[2025-12-06 02:54:26] {"level":"error","ts":1764989666.4915404,"msg":"challenge failed","identifier":"jmgaming.chickenkille.com","challenge_type":"tls-alpn-01","problem":{"type":"urn:ietf:params:acme:error:dns","title":"","detail":"DNS problem: NXDOMAIN looking up A for jmgaming.chickenkille.com - check that a DNS record exists for this domain; DNS problem: NXDOMAIN looking up AAAA for jmgaming.chickenkille.com - check that a DNS record exists for this domain","instance":"","subproblems":null},"stacktrace":"github.com/mholt/acmez/v3.(*Client).pollAuthorization\n\tgithub.com/mholt/acmez/v3@v3.1.2/client.go:557\ngithub.com/mholt/acmez/v3.(*Client).solveChallenges\n\tgithub.com/mholt/acmez/v3@v3.1.2/client.go:378\ngithub.com/mholt/acmez/v3.(*Client).ObtainCertificate\n\tgithub.com/mholt/acmez/v3@v3.1.2/client.go:136\ngithub.com/caddyserver/certmagic.(*ACMEIssuer).doIssue\n\tgithub.com/caddyserver/certmagic@v0.24.0/acmeissuer.go:489\ngithub.com/caddyserver/certmagic.(*ACMEIssuer).Issue\n\tgithub.com/caddyserver/certmagic@v0.24.0/acmeissuer.go:382\ngithub.com/caddyserver/caddy/v2/modules/caddytls.(*ACMEIssuer).Issue\n\tgithub.com/caddyserver/caddy/v2@v2.10.2/modules/caddytls/acmeissuer.go:288\ngithub.com/caddyserver/certmagic.(*Config).obtainCert.func2\n\tgithub.com/caddyserver/certmagic@v0.24.0/config.go:626\ngithub.com/caddyserver/certmagic.doWithRetry\n\tgithub.com/caddyserver/certmagic@v0.24.0/async.go:104\ngithub.com/caddyserver/certmagic.(*Config).obtainCert\n\tgithub.com/caddyserver/certmagic@v0.24.0/config.go:700\ngithub.com/caddyserver/certmagic.(*Config).ObtainCertAsync\n\tgithub.com/caddyserver/certmagic@v0.24.0/config.go:505\ngithub.com/caddyserver/certmagic.(*Config).manageOne.func1\n\tgithub.com/caddyserver/certmagic@v0.24.0/config.go:415\ngithub.com/caddyserver/certmagic.(*jobManager).worker\n\tgithub.com/caddyserver/certmagic@v0.24.0/async.go:73"}
[2025-12-06 02:54:26] {"level":"error","ts":1764989666.4915404,"msg":"validating authorization","identifier":"jmgaming.chickenkille.com","problem":{"type":"urn:ietf:params:acme:error:dns","title":"","detail":"DNS problem: NXDOMAIN looking up A for jmgaming.chickenkille.com - check that a DNS record exists for this domain; DNS problem: NXDOMAIN looking up AAAA for jmgaming.chickenkille.com - check that a DNS record exists for this domain","instance":"","subproblems":null},"order":"https://acme-v02.api.letsencrypt.org/acme/order/2854311316/455991953486","attempt":1,"max_attempts":3,"stacktrace":"github.com/mholt/acmez/v3.(*Client).ObtainCertificate\n\tgithub.com/mholt/acmez/v3@v3.1.2/client.go:152\ngithub.com/caddyserver/certmagic.(*ACMEIssuer).doIssue\n\tgithub.com/caddyserver/certmagic@v0.24.0/acmeissuer.go:489\ngithub.com/caddyserver/certmagic.(*ACMEIssuer).Issue\n\tgithub.com/caddyserver/certmagic@v0.24.0/acmeissuer.go:382\ngithub.com/caddyserver/caddy/v2/modules/caddytls.(*ACMEIssuer).Issue\n\tgithub.com/caddyserver/caddy/v2@v2.10.2/modules/caddytls/acmeissuer.go:288\ngithub.com/caddyserver/certmagic.(*Config).obtainCert.func2\n\tgithub.com/caddyserver/certmagic@v0.24.0/config.go:626\ngithub.com/caddyserver/certmagic.doWithRetry\n\tgithub.com/caddyserver/certmagic@v0.24.0/async.go:104\ngithub.com/caddyserver/certmagic.(*Config).obtainCert\n\tgithub.com/caddyserver/certmagic@v0.24.0/config.go:700\ngithub.com/caddyserver/certmagic.(*Config).ObtainCertAsync\n\tgithub.com/caddyserver/certmagic@v0.24.0/config.go:505\ngithub.com/caddyserver/certmagic.(*Config).manageOne.func1\n\tgithub.com/caddyserver/certmagic@v0.24.0/config.go:415\ngithub.com/caddyserver/certmagic.(*jobManager).worker\n\tgithub.com/caddyserver/certmagic@v0.24.0/async.go:73"}
[2025-12-06 02:54:27] {"level":"error","ts":1764989667.6427732,"logger":"tls.obtain","msg":"could not get certificate from issuer","identifier":"jmgaming.chickenkille.com","issuer":"acme-v02.api.letsencrypt.org-directory","error":"HTTP 429 urn:ietf:params:acme:error:rateLimited - too many failed authorizations (5) for \"jmgaming.chickenkille.com\" in the last 1h0m0s, retry after 2025-12-06 03:04:54 UTC: see https://letsencrypt.org/docs/rate-limits/#authorization-failures-per-hostname-per-account"}
[2025-12-06 02:54:27] {"level":"error","ts":1764989667.6427732,"logger":"tls.obtain","msg":"will retry","error":"[jmgaming.chickenkille.com] Obtain: [jmgaming.chickenkille.com] creating new order: attempt 1: https://acme-v02.api.letsencrypt.org/acme/new-order: HTTP 429 urn:ietf:params:acme:error:rateLimited - too many failed authorizations (5) for \"jmgaming.chickenkille.com\" in the last 1h0m0s, retry after 2025-12-06 03:04:54 UTC: see https://letsencrypt.org/docs/rate-limits/#authorization-failures-per-hostname-per-account (ca=https://acme-v02.api.letsencrypt.org/directory)","attempt":1,"retrying_in":60,"elapsed":2.5751879,"max_duration":2592000}

================================================================================
CADDY START 2025-12-06 02:54:49
================================================================================
[2025-12-06 02:54:49] {"level":"info","ts":1764989689.6367629,"msg":"maxprocs: Leaving GOMAXPROCS=24: CPU quota undefined"}
[2025-12-06 02:54:49] {"level":"info","ts":1764989689.6367629,"msg":"GOMEMLIMIT is updated","package":"github.com/KimMachineGun/automemlimit/memlimit","GOMEMLIMIT":30679629004,"previous":9223372036854775807}
[2025-12-06 02:54:49] {"level":"info","ts":1764989689.6367629,"msg":"using config from file","file":"B:\\Prog Projects\\MINREFACT\\ServerSide\\data\\Caddyfile"}
[2025-12-06 02:54:49] {"level":"info","ts":1764989689.637765,"msg":"adapted config to JSON","adapter":"caddyfile"}
[2025-12-06 02:54:49] {"level":"warn","ts":1764989689.637765,"msg":"Caddyfile input is not formatted; run 'caddy fmt --overwrite' to fix inconsistencies","adapter":"caddyfile","file":"B:\\Prog Projects\\MINREFACT\\ServerSide\\data\\Caddyfile","line":2}
[2025-12-06 02:54:49] {"level":"info","ts":1764989689.6447718,"logger":"admin","msg":"admin endpoint started","address":"localhost:2019","enforce_origin":false,"origins":["//localhost:2019","//[::1]:2019","//127.0.0.1:2019"]}
[2025-12-06 02:54:49] {"level":"info","ts":1764989689.6452718,"logger":"tls.cache.maintenance","msg":"started background certificate maintenance","cache":"0xc00076a600"}
[2025-12-06 02:54:49] {"level":"info","ts":1764989689.6452718,"logger":"http.auto_https","msg":"server is listening only on the HTTPS port but has no TLS connection policies; adding one to enable TLS","server_name":"srv0","https_port":443}
[2025-12-06 02:54:49] {"level":"info","ts":1764989689.6452718,"logger":"http.auto_https","msg":"enabling automatic HTTP->HTTPS redirects","server_name":"srv0"}
[2025-12-06 02:54:49] {"level":"info","ts":1764989689.6452718,"logger":"http","msg":"enabling HTTP/3 listener","addr":":443"}
[2025-12-06 02:54:49] {"level":"info","ts":1764989689.6452718,"logger":"http.log","msg":"server running","name":"srv0","protocols":["h1","h2","h3"]}
[2025-12-06 02:54:49] {"level":"warn","ts":1764989689.6457717,"logger":"http","msg":"HTTP/2 skipped because it requires TLS","network":"tcp","addr":":80"}
[2025-12-06 02:54:49] {"level":"warn","ts":1764989689.6457717,"logger":"http","msg":"HTTP/3 skipped because it requires TLS","network":"tcp","addr":":80"}
[2025-12-06 02:54:49] {"level":"info","ts":1764989689.6457717,"logger":"http.log","msg":"server running","name":"remaining_auto_https_redirects","protocols":["h1","h2","h3"]}
[2025-12-06 02:54:49] {"level":"info","ts":1764989689.6457717,"logger":"http","msg":"enabling automatic TLS certificate management","domains":["jmgaming.chickenkille.com"]}
[2025-12-06 02:54:49] {"level":"info","ts":1764989689.6457717,"msg":"autosaved config (load with --resume flag)","file":"C:\\Users\\romai\\AppData\\Roaming\\Caddy\\autosave.json"}
[2025-12-06 02:54:49] {"level":"info","ts":1764989689.6457717,"msg":"serving initial configuration"}
[2025-12-06 02:54:49] {"level":"info","ts":1764989689.6472723,"logger":"tls","msg":"storage cleaning happened too recently; skipping for now","storage":"FileStorage:C:\\Users\\romai\\AppData\\Roaming\\Caddy","instance":"3acdda7e-315f-47e7-a0dd-9e5fe5f44e19","try_again":1765076089.6472723,"try_again_in":86400}
[2025-12-06 02:54:49] {"level":"info","ts":1764989689.6472723,"logger":"tls.obtain","msg":"acquiring lock","identifier":"jmgaming.chickenkille.com"}
[2025-12-06 02:54:49] {"level":"info","ts":1764989689.6472723,"logger":"tls","msg":"finished cleaning storage units"}
[2025-12-06 02:54:55] 1.7649896956550999e+09	info	[FileStorage:C:\Users\romai\AppData\Roaming\Caddy] Lock for 'issue_cert_jmgaming.chickenkille.com' is stale (created: 2025-12-06 02:54:25.0670857 +0000 UTC, last update: 2025-12-06 02:54:45.0751907 +0000 UTC); removing then retrying: C:\Users\romai\AppData\Roaming\Caddy\locks\issue_cert_jmgaming.chickenkille.com.lock
[2025-12-06 02:54:55] {"level":"info","ts":1764989695.6585908,"logger":"tls.obtain","msg":"lock acquired","identifier":"jmgaming.chickenkille.com"}
[2025-12-06 02:54:55] {"level":"info","ts":1764989695.6590908,"logger":"tls.obtain","msg":"obtaining certificate","identifier":"jmgaming.chickenkille.com"}
[2025-12-06 02:54:55] {"level":"info","ts":1764989695.6620917,"logger":"http","msg":"waiting on internal rate limiter","identifiers":["jmgaming.chickenkille.com"],"ca":"https://acme-v02.api.letsencrypt.org/directory","account":""}
[2025-12-06 02:54:55] {"level":"info","ts":1764989695.6620917,"logger":"http","msg":"done waiting on internal rate limiter","identifiers":["jmgaming.chickenkille.com"],"ca":"https://acme-v02.api.letsencrypt.org/directory","account":""}
[2025-12-06 02:54:55] {"level":"info","ts":1764989695.6620917,"logger":"http","msg":"using ACME account","account_id":"https://acme-v02.api.letsencrypt.org/acme/acct/2854311316","account_contact":[]}
[2025-12-06 02:54:56] {"level":"error","ts":1764989696.3546767,"logger":"tls.obtain","msg":"could not get certificate from issuer","identifier":"jmgaming.chickenkille.com","issuer":"acme-v02.api.letsencrypt.org-directory","error":"HTTP 429 urn:ietf:params:acme:error:rateLimited - too many failed authorizations (5) for \"jmgaming.chickenkille.com\" in the last 1h0m0s, retry after 2025-12-06 03:04:57 UTC: see https://letsencrypt.org/docs/rate-limits/#authorization-failures-per-hostname-per-account"}
[2025-12-06 02:54:56] {"level":"error","ts":1764989696.3546767,"logger":"tls.obtain","msg":"will retry","error":"[jmgaming.chickenkille.com] Obtain: [jmgaming.chickenkille.com] creating new order: attempt 1: https://acme-v02.api.letsencrypt.org/acme/new-order: HTTP 429 urn:ietf:params:acme:error:rateLimited - too many failed authorizations (5) for \"jmgaming.chickenkille.com\" in the last 1h0m0s, retry after 2025-12-06 03:04:57 UTC: see https://letsencrypt.org/docs/rate-limits/#authorization-failures-per-hostname-per-account (ca=https://acme-v02.api.letsencrypt.org/directory)","attempt":1,"retrying_in":60,"elapsed":0.696086,"max_duration":2592000}
[2025-12-06 02:55:56] {"level":"info","ts":1764989756.3551981,"logger":"tls.obtain","msg":"obtaining certificate","identifier":"jmgaming.chickenkille.com"}
[2025-12-06 02:55:56] {"level":"info","ts":1764989756.3557012,"logger":"http","msg":"using ACME account","account_id":"https://acme-staging-v02.api.letsencrypt.org/acme/acct/248334283","account_contact":[]}
[2025-12-06 02:55:57] {"level":"info","ts":1764989757.1882677,"msg":"trying to solve challenge","identifier":"jmgaming.chickenkille.com","challenge_type":"http-01","ca":"https://acme-staging-v02.api.letsencrypt.org/directory"}
[2025-12-06 02:55:57] {"level":"error","ts":1764989757.7087517,"msg":"challenge failed","identifier":"jmgaming.chickenkille.com","challenge_type":"http-01","problem":{"type":"urn:ietf:params:acme:error:dns","title":"","detail":"DNS problem: NXDOMAIN looking up A for jmgaming.chickenkille.com - check that a DNS record exists for this domain; DNS problem: NXDOMAIN looking up AAAA for jmgaming.chickenkille.com - check that a DNS record exists for this domain","instance":"","subproblems":null},"stacktrace":"github.com/mholt/acmez/v3.(*Client).pollAuthorization\n\tgithub.com/mholt/acmez/v3@v3.1.2/client.go:557\ngithub.com/mholt/acmez/v3.(*Client).solveChallenges\n\tgithub.com/mholt/acmez/v3@v3.1.2/client.go:378\ngithub.com/mholt/acmez/v3.(*Client).ObtainCertificate\n\tgithub.com/mholt/acmez/v3@v3.1.2/client.go:136\ngithub.com/caddyserver/certmagic.(*ACMEIssuer).doIssue\n\tgithub.com/caddyserver/certmagic@v0.24.0/acmeissuer.go:489\ngithub.com/caddyserver/certmagic.(*ACMEIssuer).Issue\n\tgithub.com/caddyserver/certmagic@v0.24.0/acmeissuer.go:382\ngithub.com/caddyserver/caddy/v2/modules/caddytls.(*ACMEIssuer).Issue\n\tgithub.com/caddyserver/caddy/v2@v2.10.2/modules/caddytls/acmeissuer.go:288\ngithub.com/caddyserver/certmagic.(*Config).obtainCert.func2\n\tgithub.com/caddyserver/certmagic@v0.24.0/config.go:626\ngithub.com/caddyserver/certmagic.doWithRetry\n\tgithub.com/caddyserver/certmagic@v0.24.0/async.go:104\ngithub.com/caddyserver/certmagic.(*Config).obtainCert\n\tgithub.com/caddyserver/certmagic@v0.24.0/config.go:700\ngithub.com/caddyserver/certmagic.(*Config).ObtainCertAsync\n\tgithub.com/caddyserver/certmagic@v0.24.0/config.go:505\ngithub.com/caddyserver/certmagic.(*Config).manageOne.func1\n\tgithub.com/caddyserver/certmagic@v0.24.0/config.go:415\ngithub.com/caddyserver/certmagic.(*jobManager).worker\n\tgithub.com/caddyserver/certmagic@v0.24.0/async.go:73"}
[2025-12-06 02:55:57] {"level":"error","ts":1764989757.7092483,"msg":"validating authorization","identifier":"jmgaming.chickenkille.com","problem":{"type":"urn:ietf:params:acme:error:dns","title":"","detail":"DNS problem: NXDOMAIN looking up A for jmgaming.chickenkille.com - check that a DNS record exists for this domain; DNS problem: NXDOMAIN looking up AAAA for jmgaming.chickenkille.com - check that a DNS record exists for this domain","instance":"","subproblems":null},"order":"https://acme-staging-v02.api.letsencrypt.org/acme/order/248334283/29314801723","attempt":1,"max_attempts":3,"stacktrace":"github.com/mholt/acmez/v3.(*Client).ObtainCertificate\n\tgithub.com/mholt/acmez/v3@v3.1.2/client.go:152\ngithub.com/caddyserver/certmagic.(*ACMEIssuer).doIssue\n\tgithub.com/caddyserver/certmagic@v0.24.0/acmeissuer.go:489\ngithub.com/caddyserver/certmagic.(*ACMEIssuer).Issue\n\tgithub.com/caddyserver/certmagic@v0.24.0/acmeissuer.go:382\ngithub.com/caddyserver/caddy/v2/modules/caddytls.(*ACMEIssuer).Issue\n\tgithub.com/caddyserver/caddy/v2@v2.10.2/modules/caddytls/acmeissuer.go:288\ngithub.com/caddyserver/certmagic.(*Config).obtainCert.func2\n\tgithub.com/caddyserver/certmagic@v0.24.0/config.go:626\ngithub.com/caddyserver/certmagic.doWithRetry\n\tgithub.com/caddyserver/certmagic@v0.24.0/async.go:104\ngithub.com/caddyserver/certmagic.(*Config).obtainCert\n\tgithub.com/caddyserver/certmagic@v0.24.0/config.go:700\ngithub.com/caddyserver/certmagic.(*Config).ObtainCertAsync\n\tgithub.com/caddyserver/certmagic@v0.24.0/config.go:505\ngithub.com/caddyserver/certmagic.(*Config).manageOne.func1\n\tgithub.com/caddyserver/certmagic@v0.24.0/config.go:415\ngithub.com/caddyserver/certmagic.(*jobManager).worker\n\tgithub.com/caddyserver/certmagic@v0.24.0/async.go:73"}
[2025-12-06 02:55:58] {"level":"info","ts":1764989758.9832227,"msg":"trying to solve challenge","identifier":"jmgaming.chickenkille.com","challenge_type":"tls-alpn-01","ca":"https://acme-staging-v02.api.letsencrypt.org/directory"}
[2025-12-06 02:55:59] {"level":"error","ts":1764989759.5062935,"msg":"challenge failed","identifier":"jmgaming.chickenkille.com","challenge_type":"tls-alpn-01","problem":{"type":"urn:ietf:params:acme:error:dns","title":"","detail":"DNS problem: NXDOMAIN looking up A for jmgaming.chickenkille.com - check that a DNS record exists for this domain; DNS problem: NXDOMAIN looking up AAAA for jmgaming.chickenkille.com - check that a DNS record exists for this domain","instance":"","subproblems":null},"stacktrace":"github.com/mholt/acmez/v3.(*Client).pollAuthorization\n\tgithub.com/mholt/acmez/v3@v3.1.2/client.go:557\ngithub.com/mholt/acmez/v3.(*Client).solveChallenges\n\tgithub.com/mholt/acmez/v3@v3.1.2/client.go:378\ngithub.com/mholt/acmez/v3.(*Client).ObtainCertificate\n\tgithub.com/mholt/acmez/v3@v3.1.2/client.go:136\ngithub.com/caddyserver/certmagic.(*ACMEIssuer).doIssue\n\tgithub.com/caddyserver/certmagic@v0.24.0/acmeissuer.go:489\ngithub.com/caddyserver/certmagic.(*ACMEIssuer).Issue\n\tgithub.com/caddyserver/certmagic@v0.24.0/acmeissuer.go:382\ngithub.com/caddyserver/caddy/v2/modules/caddytls.(*ACMEIssuer).Issue\n\tgithub.com/caddyserver/caddy/v2@v2.10.2/modules/caddytls/acmeissuer.go:288\ngithub.com/caddyserver/certmagic.(*Config).obtainCert.func2\n\tgithub.com/caddyserver/certmagic@v0.24.0/config.go:626\ngithub.com/caddyserver/certmagic.doWithRetry\n\tgithub.com/caddyserver/certmagic@v0.24.0/async.go:104\ngithub.com/caddyserver/certmagic.(*Config).obtainCert\n\tgithub.com/caddyserver/certmagic@v0.24.0/config.go:700\ngithub.com/caddyserver/certmagic.(*Config).ObtainCertAsync\n\tgithub.com/caddyserver/certmagic@v0.24.0/config.go:505\ngithub.com/caddyserver/certmagic.(*Config).manageOne.func1\n\tgithub.com/caddyserver/certmagic@v0.24.0/config.go:415\ngithub.com/caddyserver/certmagic.(*jobManager).worker\n\tgithub.com/caddyserver/certmagic@v0.24.0/async.go:73"}
[2025-12-06 02:55:59] {"level":"error","ts":1764989759.5062935,"msg":"validating authorization","identifier":"jmgaming.chickenkille.com","problem":{"type":"urn:ietf:params:acme:error:dns","title":"","detail":"DNS problem: NXDOMAIN looking up A for jmgaming.chickenkille.com - check that a DNS record exists for this domain; DNS problem: NXDOMAIN looking up AAAA for jmgaming.chickenkille.com - check that a DNS record exists for this domain","instance":"","subproblems":null},"order":"https://acme-staging-v02.api.letsencrypt.org/acme/order/248334283/29314802353","attempt":2,"max_attempts":3,"stacktrace":"github.com/mholt/acmez/v3.(*Client).ObtainCertificate\n\tgithub.com/mholt/acmez/v3@v3.1.2/client.go:152\ngithub.com/caddyserver/certmagic.(*ACMEIssuer).doIssue\n\tgithub.com/caddyserver/certmagic@v0.24.0/acmeissuer.go:489\ngithub.com/caddyserver/certmagic.(*ACMEIssuer).Issue\n\tgithub.com/caddyserver/certmagic@v0.24.0/acmeissuer.go:382\ngithub.com/caddyserver/caddy/v2/modules/caddytls.(*ACMEIssuer).Issue\n\tgithub.com/caddyserver/caddy/v2@v2.10.2/modules/caddytls/acmeissuer.go:288\ngithub.com/caddyserver/certmagic.(*Config).obtainCert.func2\n\tgithub.com/caddyserver/certmagic@v0.24.0/config.go:626\ngithub.com/caddyserver/certmagic.doWithRetry\n\tgithub.com/caddyserver/certmagic@v0.24.0/async.go:104\ngithub.com/caddyserver/certmagic.(*Config).obtainCert\n\tgithub.com/caddyserver/certmagic@v0.24.0/config.go:700\ngithub.com/caddyserver/certmagic.(*Config).ObtainCertAsync\n\tgithub.com/caddyserver/certmagic@v0.24.0/config.go:505\ngithub.com/caddyserver/certmagic.(*Config).manageOne.func1\n\tgithub.com/caddyserver/certmagic@v0.24.0/config.go:415\ngithub.com/caddyserver/certmagic.(*jobManager).worker\n\tgithub.com/caddyserver/certmagic@v0.24.0/async.go:73"}
[2025-12-06 02:55:59] {"level":"error","ts":1764989759.5062935,"logger":"tls.obtain","msg":"could not get certificate from issuer","identifier":"jmgaming.chickenkille.com","issuer":"acme-v02.api.letsencrypt.org-directory","error":"HTTP 400 urn:ietf:params:acme:error:dns - DNS problem: NXDOMAIN looking up A for jmgaming.chickenkille.com - check that a DNS record exists for this domain; DNS problem: NXDOMAIN looking up AAAA for jmgaming.chickenkille.com - check that a DNS record exists for this domain"}
[2025-12-06 02:55:59] {"level":"error","ts":1764989759.5062935,"logger":"tls.obtain","msg":"will retry","error":"[jmgaming.chickenkille.com] Obtain: [jmgaming.chickenkille.com] solving challenge: jmgaming.chickenkille.com: [jmgaming.chickenkille.com] authorization failed: HTTP 400 urn:ietf:params:acme:error:dns - DNS problem: NXDOMAIN looking up A for jmgaming.chickenkille.com - check that a DNS record exists for this domain; DNS problem: NXDOMAIN looking up AAAA for jmgaming.chickenkille.com - check that a DNS record exists for this domain (ca=https://acme-staging-v02.api.letsencrypt.org/directory)","attempt":2,"retrying_in":120,"elapsed":63.8477028,"max_duration":2592000}

================================================================================
CADDY START 2025-12-06 02:58:24
================================================================================
[2025-12-06 02:58:24] {"level":"info","ts":1764989904.5745175,"msg":"maxprocs: Leaving GOMAXPROCS=24: CPU quota undefined"}
[2025-12-06 02:58:24] {"level":"info","ts":1764989904.5745175,"msg":"GOMEMLIMIT is updated","package":"github.com/KimMachineGun/automemlimit/memlimit","GOMEMLIMIT":30679629004,"previous":9223372036854775807}
[2025-12-06 02:58:24] {"level":"info","ts":1764989904.575018,"msg":"using config from file","file":"B:\\Prog Projects\\MINREFACT\\ServerSide\\data\\Caddyfile"}
[2025-12-06 02:58:24] {"level":"info","ts":1764989904.5755196,"msg":"adapted config to JSON","adapter":"caddyfile"}
[2025-12-06 02:58:24] {"level":"warn","ts":1764989904.5755196,"msg":"Caddyfile input is not formatted; run 'caddy fmt --overwrite' to fix inconsistencies","adapter":"caddyfile","file":"B:\\Prog Projects\\MINREFACT\\ServerSide\\data\\Caddyfile","line":2}
[2025-12-06 02:58:24] {"level":"info","ts":1764989904.583096,"logger":"admin","msg":"admin endpoint started","address":"localhost:2019","enforce_origin":false,"origins":["//[::1]:2019","//127.0.0.1:2019","//localhost:2019"]}
[2025-12-06 02:58:24] {"level":"info","ts":1764989904.583096,"logger":"tls.cache.maintenance","msg":"started background certificate maintenance","cache":"0xc00099e580"}
[2025-12-06 02:58:24] {"level":"info","ts":1764989904.583096,"logger":"http.auto_https","msg":"server is listening only on the HTTPS port but has no TLS connection policies; adding one to enable TLS","server_name":"srv0","https_port":443}
[2025-12-06 02:58:24] {"level":"info","ts":1764989904.583096,"logger":"http.auto_https","msg":"enabling automatic HTTP->HTTPS redirects","server_name":"srv0"}
[2025-12-06 02:58:24] {"level":"info","ts":1764989904.583096,"logger":"http","msg":"enabling HTTP/3 listener","addr":":443"}
[2025-12-06 02:58:24] {"level":"info","ts":1764989904.583596,"logger":"http.log","msg":"server running","name":"srv0","protocols":["h1","h2","h3"]}
[2025-12-06 02:58:24] {"level":"warn","ts":1764989904.583596,"logger":"http","msg":"HTTP/2 skipped because it requires TLS","network":"tcp","addr":":80"}
[2025-12-06 02:58:24] {"level":"warn","ts":1764989904.583596,"logger":"http","msg":"HTTP/3 skipped because it requires TLS","network":"tcp","addr":":80"}
[2025-12-06 02:58:24] {"level":"info","ts":1764989904.583596,"logger":"http.log","msg":"server running","name":"remaining_auto_https_redirects","protocols":["h1","h2","h3"]}
[2025-12-06 02:58:24] {"level":"info","ts":1764989904.583596,"logger":"http","msg":"enabling automatic TLS certificate management","domains":["jmgaming.chickenkille.com"]}
[2025-12-06 02:58:24] {"level":"info","ts":1764989904.584096,"msg":"autosaved config (load with --resume flag)","file":"C:\\Users\\romai\\AppData\\Roaming\\Caddy\\autosave.json"}
[2025-12-06 02:58:24] {"level":"info","ts":1764989904.584096,"msg":"serving initial configuration"}
[2025-12-06 02:58:24] {"level":"info","ts":1764989904.5875945,"logger":"tls","msg":"storage cleaning happened too recently; skipping for now","storage":"FileStorage:C:\\Users\\romai\\AppData\\Roaming\\Caddy","instance":"3acdda7e-315f-47e7-a0dd-9e5fe5f44e19","try_again":1765076304.5875945,"try_again_in":86400}
[2025-12-06 02:58:24] {"level":"info","ts":1764989904.5875945,"logger":"tls","msg":"finished cleaning storage units"}
[2025-12-06 02:58:24] {"level":"info","ts":1764989904.588096,"logger":"tls.obtain","msg":"acquiring lock","identifier":"jmgaming.chickenkille.com"}
[2025-12-06 02:58:24] 1.764989904588096e+09	info	[FileStorage:C:\Users\romai\AppData\Roaming\Caddy] Lock for 'issue_cert_jmgaming.chickenkille.com' is stale (created: 2025-12-06 02:54:55.6575924 +0000 UTC, last update: 2025-12-06 02:56:00.6867788 +0000 UTC); removing then retrying: C:\Users\romai\AppData\Roaming\Caddy\locks\issue_cert_jmgaming.chickenkille.com.lock
[2025-12-06 02:58:24] {"level":"info","ts":1764989904.5890956,"logger":"tls.obtain","msg":"lock acquired","identifier":"jmgaming.chickenkille.com"}
[2025-12-06 02:58:24] {"level":"info","ts":1764989904.5895953,"logger":"tls.obtain","msg":"obtaining certificate","identifier":"jmgaming.chickenkille.com"}
[2025-12-06 02:58:24] {"level":"info","ts":1764989904.590097,"logger":"http","msg":"waiting on internal rate limiter","identifiers":["jmgaming.chickenkille.com"],"ca":"https://acme-v02.api.letsencrypt.org/directory","account":""}
[2025-12-06 02:58:24] {"level":"info","ts":1764989904.590097,"logger":"http","msg":"done waiting on internal rate limiter","identifiers":["jmgaming.chickenkille.com"],"ca":"https://acme-v02.api.letsencrypt.org/directory","account":""}
[2025-12-06 02:58:24] {"level":"info","ts":1764989904.590097,"logger":"http","msg":"using ACME account","account_id":"https://acme-v02.api.letsencrypt.org/acme/acct/2854311316","account_contact":[]}
[2025-12-06 02:58:25] {"level":"error","ts":1764989905.3228416,"logger":"tls.obtain","msg":"could not get certificate from issuer","identifier":"jmgaming.chickenkille.com","issuer":"acme-v02.api.letsencrypt.org-directory","error":"HTTP 429 urn:ietf:params:acme:error:rateLimited - too many failed authorizations (5) for \"jmgaming.chickenkille.com\" in the last 1h0m0s, retry after 2025-12-06 03:04:51 UTC: see https://letsencrypt.org/docs/rate-limits/#authorization-failures-per-hostname-per-account"}
[2025-12-06 02:58:25] {"level":"error","ts":1764989905.3228416,"logger":"tls.obtain","msg":"will retry","error":"[jmgaming.chickenkille.com] Obtain: [jmgaming.chickenkille.com] creating new order: attempt 1: https://acme-v02.api.letsencrypt.org/acme/new-order: HTTP 429 urn:ietf:params:acme:error:rateLimited - too many failed authorizations (5) for \"jmgaming.chickenkille.com\" in the last 1h0m0s, retry after 2025-12-06 03:04:51 UTC: see https://letsencrypt.org/docs/rate-limits/#authorization-failures-per-hostname-per-account (ca=https://acme-v02.api.letsencrypt.org/directory)","attempt":1,"retrying_in":60,"elapsed":0.7337457,"max_duration":2592000}

================================================================================
CADDY START 2025-12-06 02:58:50
================================================================================
[2025-12-06 02:58:50] {"level":"info","ts":1764989930.6272564,"msg":"maxprocs: Leaving GOMAXPROCS=24: CPU quota undefined"}
[2025-12-06 02:58:50] {"level":"info","ts":1764989930.6272564,"msg":"GOMEMLIMIT is updated","package":"github.com/KimMachineGun/automemlimit/memlimit","GOMEMLIMIT":30679629004,"previous":9223372036854775807}
[2025-12-06 02:58:50] {"level":"info","ts":1764989930.6277564,"msg":"using config from file","file":"B:\\Prog Projects\\MINREFACT\\ServerSide\\data\\Caddyfile"}
[2025-12-06 02:58:50] {"level":"info","ts":1764989930.6282563,"msg":"adapted config to JSON","adapter":"caddyfile"}
[2025-12-06 02:58:50] {"level":"warn","ts":1764989930.6282563,"msg":"Caddyfile input is not formatted; run 'caddy fmt --overwrite' to fix inconsistencies","adapter":"caddyfile","file":"B:\\Prog Projects\\MINREFACT\\ServerSide\\data\\Caddyfile","line":2}
[2025-12-06 02:58:50] {"level":"info","ts":1764989930.6347663,"logger":"admin","msg":"admin endpoint started","address":"localhost:2019","enforce_origin":false,"origins":["//localhost:2019","//[::1]:2019","//127.0.0.1:2019"]}
[2025-12-06 02:58:50] {"level":"info","ts":1764989930.6347663,"logger":"tls.cache.maintenance","msg":"started background certificate maintenance","cache":"0xc00083a280"}
[2025-12-06 02:58:50] {"level":"info","ts":1764989930.6347663,"logger":"http.auto_https","msg":"server is listening only on the HTTPS port but has no TLS connection policies; adding one to enable TLS","server_name":"srv0","https_port":443}
[2025-12-06 02:58:50] {"level":"info","ts":1764989930.6352663,"logger":"http.auto_https","msg":"enabling automatic HTTP->HTTPS redirects","server_name":"srv0"}
[2025-12-06 02:58:50] {"level":"info","ts":1764989930.6352663,"logger":"http","msg":"enabling HTTP/3 listener","addr":":443"}
[2025-12-06 02:58:50] {"level":"info","ts":1764989930.6352663,"logger":"http.log","msg":"server running","name":"srv0","protocols":["h1","h2","h3"]}
[2025-12-06 02:58:50] {"level":"warn","ts":1764989930.6352663,"logger":"http","msg":"HTTP/2 skipped because it requires TLS","network":"tcp","addr":":80"}
[2025-12-06 02:58:50] {"level":"warn","ts":1764989930.6352663,"logger":"http","msg":"HTTP/3 skipped because it requires TLS","network":"tcp","addr":":80"}
[2025-12-06 02:58:50] {"level":"info","ts":1764989930.6352663,"logger":"http.log","msg":"server running","name":"remaining_auto_https_redirects","protocols":["h1","h2","h3"]}
[2025-12-06 02:58:50] {"level":"info","ts":1764989930.6352663,"logger":"http","msg":"enabling automatic TLS certificate management","domains":["jmgaming.chickenkille.com"]}
[2025-12-06 02:58:50] {"level":"info","ts":1764989930.6362698,"msg":"autosaved config (load with --resume flag)","file":"C:\\Users\\romai\\AppData\\Roaming\\Caddy\\autosave.json"}
[2025-12-06 02:58:50] {"level":"info","ts":1764989930.6362698,"msg":"serving initial configuration"}
[2025-12-06 02:58:50] {"level":"info","ts":1764989930.637773,"logger":"tls","msg":"storage cleaning happened too recently; skipping for now","storage":"FileStorage:C:\\Users\\romai\\AppData\\Roaming\\Caddy","instance":"3acdda7e-315f-47e7-a0dd-9e5fe5f44e19","try_again":1765076330.637773,"try_again_in":86400}
[2025-12-06 02:58:50] {"level":"info","ts":1764989930.637773,"logger":"tls","msg":"finished cleaning storage units"}
[2025-12-06 02:58:50] {"level":"info","ts":1764989930.637773,"logger":"tls.obtain","msg":"acquiring lock","identifier":"jmgaming.chickenkille.com"}
[2025-12-06 02:58:54] 1.7649899346420531e+09	info	[FileStorage:C:\Users\romai\AppData\Roaming\Caddy] Lock for 'issue_cert_jmgaming.chickenkille.com' is stale (created: 2025-12-06 02:58:24.5885965 +0000 UTC, last update: 2025-12-06 02:58:44.5985553 +0000 UTC); removing then retrying: C:\Users\romai\AppData\Roaming\Caddy\locks\issue_cert_jmgaming.chickenkille.com.lock
[2025-12-06 02:58:54] {"level":"info","ts":1764989934.646558,"logger":"tls.obtain","msg":"lock acquired","identifier":"jmgaming.chickenkille.com"}
[2025-12-06 02:58:54] {"level":"info","ts":1764989934.6470582,"logger":"tls.obtain","msg":"obtaining certificate","identifier":"jmgaming.chickenkille.com"}
[2025-12-06 02:58:54] {"level":"info","ts":1764989934.6495547,"logger":"http","msg":"waiting on internal rate limiter","identifiers":["jmgaming.chickenkille.com"],"ca":"https://acme-v02.api.letsencrypt.org/directory","account":""}
[2025-12-06 02:58:54] {"level":"info","ts":1764989934.6495547,"logger":"http","msg":"done waiting on internal rate limiter","identifiers":["jmgaming.chickenkille.com"],"ca":"https://acme-v02.api.letsencrypt.org/directory","account":""}
[2025-12-06 02:58:54] {"level":"info","ts":1764989934.6495547,"logger":"http","msg":"using ACME account","account_id":"https://acme-v02.api.letsencrypt.org/acme/acct/2854311316","account_contact":[]}
[2025-12-06 02:58:55] {"level":"error","ts":1764989935.3088825,"logger":"tls.obtain","msg":"could not get certificate from issuer","identifier":"jmgaming.chickenkille.com","issuer":"acme-v02.api.letsencrypt.org-directory","error":"HTTP 429 urn:ietf:params:acme:error:rateLimited - too many failed authorizations (5) for \"jmgaming.chickenkille.com\" in the last 1h0m0s, retry after 2025-12-06 03:04:47 UTC: see https://letsencrypt.org/docs/rate-limits/#authorization-failures-per-hostname-per-account"}
[2025-12-06 02:58:55] {"level":"error","ts":1764989935.3088825,"logger":"tls.obtain","msg":"will retry","error":"[jmgaming.chickenkille.com] Obtain: [jmgaming.chickenkille.com] creating new order: attempt 1: https://acme-v02.api.letsencrypt.org/acme/new-order: HTTP 429 urn:ietf:params:acme:error:rateLimited - too many failed authorizations (5) for \"jmgaming.chickenkille.com\" in the last 1h0m0s, retry after 2025-12-06 03:04:47 UTC: see https://letsencrypt.org/docs/rate-limits/#authorization-failures-per-hostname-per-account (ca=https://acme-v02.api.letsencrypt.org/directory)","attempt":1,"retrying_in":60,"elapsed":0.6623244,"max_duration":2592000}

================================================================================
CADDY START 2025-12-06 03:08:57
================================================================================
[2025-12-06 03:08:57] {"level":"info","ts":1764990537.8204315,"msg":"maxprocs: Leaving GOMAXPROCS=24: CPU quota undefined"}
[2025-12-06 03:08:57] {"level":"info","ts":1764990537.8204315,"msg":"GOMEMLIMIT is updated","package":"github.com/KimMachineGun/automemlimit/memlimit","GOMEMLIMIT":30679629004,"previous":9223372036854775807}
[2025-12-06 03:08:57] {"level":"info","ts":1764990537.8209302,"msg":"using config from file","file":"B:\\Prog Projects\\MINREFACT\\ServerSide\\data\\Caddyfile"}
[2025-12-06 03:08:57] {"level":"info","ts":1764990537.8214302,"msg":"adapted config to JSON","adapter":"caddyfile"}
[2025-12-06 03:08:57] {"level":"warn","ts":1764990537.8214302,"msg":"Caddyfile input is not formatted; run 'caddy fmt --overwrite' to fix inconsistencies","adapter":"caddyfile","file":"B:\\Prog Projects\\MINREFACT\\ServerSide\\data\\Caddyfile","line":2}
[2025-12-06 03:08:57] {"level":"info","ts":1764990537.8279557,"logger":"admin","msg":"admin endpoint started","address":"localhost:2019","enforce_origin":false,"origins":["//localhost:2019","//[::1]:2019","//127.0.0.1:2019"]}
[2025-12-06 03:08:57] {"level":"info","ts":1764990537.8279557,"logger":"tls.cache.maintenance","msg":"started background certificate maintenance","cache":"0xc000572180"}
[2025-12-06 03:08:57] {"level":"info","ts":1764990537.8279557,"logger":"http.auto_https","msg":"server is listening only on the HTTPS port but has no TLS connection policies; adding one to enable TLS","server_name":"srv0","https_port":443}
[2025-12-06 03:08:57] {"level":"info","ts":1764990537.8279557,"logger":"http.auto_https","msg":"enabling automatic HTTP->HTTPS redirects","server_name":"srv0"}
[2025-12-06 03:08:57] {"level":"info","ts":1764990537.8284554,"logger":"http","msg":"enabling HTTP/3 listener","addr":":443"}
[2025-12-06 03:08:57] {"level":"info","ts":1764990537.8284554,"logger":"http.log","msg":"server running","name":"srv0","protocols":["h1","h2","h3"]}
[2025-12-06 03:08:57] {"level":"warn","ts":1764990537.8289566,"logger":"http","msg":"HTTP/2 skipped because it requires TLS","network":"tcp","addr":":80"}
[2025-12-06 03:08:57] {"level":"warn","ts":1764990537.8289566,"logger":"http","msg":"HTTP/3 skipped because it requires TLS","network":"tcp","addr":":80"}
[2025-12-06 03:08:57] {"level":"info","ts":1764990537.8289566,"logger":"http.log","msg":"server running","name":"remaining_auto_https_redirects","protocols":["h1","h2","h3"]}
[2025-12-06 03:08:57] {"level":"info","ts":1764990537.8289566,"logger":"http","msg":"enabling automatic TLS certificate management","domains":["jmgaming.chickenkille.com"]}
[2025-12-06 03:08:57] {"level":"info","ts":1764990537.829447,"msg":"autosaved config (load with --resume flag)","file":"C:\\Users\\romai\\AppData\\Roaming\\Caddy\\autosave.json"}
[2025-12-06 03:08:57] {"level":"info","ts":1764990537.829447,"msg":"serving initial configuration"}
[2025-12-06 03:08:57] {"level":"info","ts":1764990537.8304472,"logger":"tls","msg":"storage cleaning happened too recently; skipping for now","storage":"FileStorage:C:\\Users\\romai\\AppData\\Roaming\\Caddy","instance":"3acdda7e-315f-47e7-a0dd-9e5fe5f44e19","try_again":1765076937.8304472,"try_again_in":86400}
[2025-12-06 03:08:57] {"level":"info","ts":1764990537.8304472,"logger":"tls","msg":"finished cleaning storage units"}
[2025-12-06 03:08:57] {"level":"info","ts":1764990537.8319476,"logger":"tls.obtain","msg":"acquiring lock","identifier":"jmgaming.chickenkille.com"}
[2025-12-06 03:08:57] 1.7649905378319476e+09	info	[FileStorage:C:\Users\romai\AppData\Roaming\Caddy] Lock for 'issue_cert_jmgaming.chickenkille.com' is stale (created: 2025-12-06 02:58:54.6450521 +0000 UTC, last update: 2025-12-06 02:59:39.6724286 +0000 UTC); removing then retrying: C:\Users\romai\AppData\Roaming\Caddy\locks\issue_cert_jmgaming.chickenkille.com.lock
[2025-12-06 03:08:57] {"level":"info","ts":1764990537.832449,"logger":"tls.obtain","msg":"lock acquired","identifier":"jmgaming.chickenkille.com"}
[2025-12-06 03:08:57] {"level":"info","ts":1764990537.8334522,"logger":"tls.obtain","msg":"obtaining certificate","identifier":"jmgaming.chickenkille.com"}
[2025-12-06 03:08:57] {"level":"info","ts":1764990537.8339553,"logger":"http","msg":"waiting on internal rate limiter","identifiers":["jmgaming.chickenkille.com"],"ca":"https://acme-v02.api.letsencrypt.org/directory","account":""}
[2025-12-06 03:08:57] {"level":"info","ts":1764990537.8339553,"logger":"http","msg":"done waiting on internal rate limiter","identifiers":["jmgaming.chickenkille.com"],"ca":"https://acme-v02.api.letsencrypt.org/directory","account":""}
[2025-12-06 03:08:57] {"level":"info","ts":1764990537.8339553,"logger":"http","msg":"using ACME account","account_id":"https://acme-v02.api.letsencrypt.org/acme/acct/2854311316","account_contact":[]}
[2025-12-06 03:08:58] {"level":"info","ts":1764990538.7900746,"msg":"trying to solve challenge","identifier":"jmgaming.chickenkille.com","challenge_type":"tls-alpn-01","ca":"https://acme-v02.api.letsencrypt.org/directory"}
[2025-12-06 03:08:59] {"level":"error","ts":1764990539.311255,"msg":"challenge failed","identifier":"jmgaming.chickenkille.com","challenge_type":"tls-alpn-01","problem":{"type":"urn:ietf:params:acme:error:dns","title":"","detail":"DNS problem: NXDOMAIN looking up A for jmgaming.chickenkille.com - check that a DNS record exists for this domain; DNS problem: NXDOMAIN looking up AAAA for jmgaming.chickenkille.com - check that a DNS record exists for this domain","instance":"","subproblems":null},"stacktrace":"github.com/mholt/acmez/v3.(*Client).pollAuthorization\n\tgithub.com/mholt/acmez/v3@v3.1.2/client.go:557\ngithub.com/mholt/acmez/v3.(*Client).solveChallenges\n\tgithub.com/mholt/acmez/v3@v3.1.2/client.go:378\ngithub.com/mholt/acmez/v3.(*Client).ObtainCertificate\n\tgithub.com/mholt/acmez/v3@v3.1.2/client.go:136\ngithub.com/caddyserver/certmagic.(*ACMEIssuer).doIssue\n\tgithub.com/caddyserver/certmagic@v0.24.0/acmeissuer.go:489\ngithub.com/caddyserver/certmagic.(*ACMEIssuer).Issue\n\tgithub.com/caddyserver/certmagic@v0.24.0/acmeissuer.go:382\ngithub.com/caddyserver/caddy/v2/modules/caddytls.(*ACMEIssuer).Issue\n\tgithub.com/caddyserver/caddy/v2@v2.10.2/modules/caddytls/acmeissuer.go:288\ngithub.com/caddyserver/certmagic.(*Config).obtainCert.func2\n\tgithub.com/caddyserver/certmagic@v0.24.0/config.go:626\ngithub.com/caddyserver/certmagic.doWithRetry\n\tgithub.com/caddyserver/certmagic@v0.24.0/async.go:104\ngithub.com/caddyserver/certmagic.(*Config).obtainCert\n\tgithub.com/caddyserver/certmagic@v0.24.0/config.go:700\ngithub.com/caddyserver/certmagic.(*Config).ObtainCertAsync\n\tgithub.com/caddyserver/certmagic@v0.24.0/config.go:505\ngithub.com/caddyserver/certmagic.(*Config).manageOne.func1\n\tgithub.com/caddyserver/certmagic@v0.24.0/config.go:415\ngithub.com/caddyserver/certmagic.(*jobManager).worker\n\tgithub.com/caddyserver/certmagic@v0.24.0/async.go:73"}
[2025-12-06 03:08:59] {"level":"error","ts":1764990539.3117537,"msg":"validating authorization","identifier":"jmgaming.chickenkille.com","problem":{"type":"urn:ietf:params:acme:error:dns","title":"","detail":"DNS problem: NXDOMAIN looking up A for jmgaming.chickenkille.com - check that a DNS record exists for this domain; DNS problem: NXDOMAIN looking up AAAA for jmgaming.chickenkille.com - check that a DNS record exists for this domain","instance":"","subproblems":null},"order":"https://acme-v02.api.letsencrypt.org/acme/order/2854311316/455995581296","attempt":1,"max_attempts":3,"stacktrace":"github.com/mholt/acmez/v3.(*Client).ObtainCertificate\n\tgithub.com/mholt/acmez/v3@v3.1.2/client.go:152\ngithub.com/caddyserver/certmagic.(*ACMEIssuer).doIssue\n\tgithub.com/caddyserver/certmagic@v0.24.0/acmeissuer.go:489\ngithub.com/caddyserver/certmagic.(*ACMEIssuer).Issue\n\tgithub.com/caddyserver/certmagic@v0.24.0/acmeissuer.go:382\ngithub.com/caddyserver/caddy/v2/modules/caddytls.(*ACMEIssuer).Issue\n\tgithub.com/caddyserver/caddy/v2@v2.10.2/modules/caddytls/acmeissuer.go:288\ngithub.com/caddyserver/certmagic.(*Config).obtainCert.func2\n\tgithub.com/caddyserver/certmagic@v0.24.0/config.go:626\ngithub.com/caddyserver/certmagic.doWithRetry\n\tgithub.com/caddyserver/certmagic@v0.24.0/async.go:104\ngithub.com/caddyserver/certmagic.(*Config).obtainCert\n\tgithub.com/caddyserver/certmagic@v0.24.0/config.go:700\ngithub.com/caddyserver/certmagic.(*Config).ObtainCertAsync\n\tgithub.com/caddyserver/certmagic@v0.24.0/config.go:505\ngithub.com/caddyserver/certmagic.(*Config).manageOne.func1\n\tgithub.com/caddyserver/certmagic@v0.24.0/config.go:415\ngithub.com/caddyserver/certmagic.(*jobManager).worker\n\tgithub.com/caddyserver/certmagic@v0.24.0/async.go:73"}
[2025-12-06 03:09:00] {"level":"error","ts":1764990540.4712036,"logger":"tls.obtain","msg":"could not get certificate from issuer","identifier":"jmgaming.chickenkille.com","issuer":"acme-v02.api.letsencrypt.org-directory","error":"HTTP 429 urn:ietf:params:acme:error:rateLimited - too many failed authorizations (5) for \"jmgaming.chickenkille.com\" in the last 1h0m0s, retry after 2025-12-06 03:16:58 UTC: see https://letsencrypt.org/docs/rate-limits/#authorization-failures-per-hostname-per-account"}
[2025-12-06 03:09:00] {"level":"error","ts":1764990540.4712036,"logger":"tls.obtain","msg":"will retry","error":"[jmgaming.chickenkille.com] Obtain: [jmgaming.chickenkille.com] creating new order: attempt 1: https://acme-v02.api.letsencrypt.org/acme/new-order: HTTP 429 urn:ietf:params:acme:error:rateLimited - too many failed authorizations (5) for \"jmgaming.chickenkille.com\" in the last 1h0m0s, retry after 2025-12-06 03:16:58 UTC: see https://letsencrypt.org/docs/rate-limits/#authorization-failures-per-hostname-per-account (ca=https://acme-v02.api.letsencrypt.org/directory)","attempt":1,"retrying_in":60,"elapsed":2.6387546,"max_duration":2592000}

================================================================================
CADDY START 2025-12-06 03:09:28
================================================================================
[2025-12-06 03:09:28] {"level":"info","ts":1764990568.7348788,"msg":"maxprocs: Leaving GOMAXPROCS=24: CPU quota undefined"}
[2025-12-06 03:09:28] {"level":"info","ts":1764990568.7348788,"msg":"GOMEMLIMIT is updated","package":"github.com/KimMachineGun/automemlimit/memlimit","GOMEMLIMIT":30679629004,"previous":9223372036854775807}
[2025-12-06 03:09:28] {"level":"info","ts":1764990568.7348788,"msg":"using config from file","file":"B:\\Prog Projects\\MINREFACT\\ServerSide\\data\\Caddyfile"}
[2025-12-06 03:09:28] {"level":"info","ts":1764990568.7358801,"msg":"adapted config to JSON","adapter":"caddyfile"}
[2025-12-06 03:09:28] {"level":"warn","ts":1764990568.7358801,"msg":"Caddyfile input is not formatted; run 'caddy fmt --overwrite' to fix inconsistencies","adapter":"caddyfile","file":"B:\\Prog Projects\\MINREFACT\\ServerSide\\data\\Caddyfile","line":2}
[2025-12-06 03:09:28] {"level":"info","ts":1764990568.743398,"logger":"admin","msg":"admin endpoint started","address":"localhost:2019","enforce_origin":false,"origins":["//localhost:2019","//[::1]:2019","//127.0.0.1:2019"]}
[2025-12-06 03:09:28] {"level":"info","ts":1764990568.743398,"logger":"tls.cache.maintenance","msg":"started background certificate maintenance","cache":"0xc00091e600"}
[2025-12-06 03:09:28] {"level":"info","ts":1764990568.743398,"logger":"http.auto_https","msg":"server is listening only on the HTTPS port but has no TLS connection policies; adding one to enable TLS","server_name":"srv0","https_port":443}
[2025-12-06 03:09:28] {"level":"info","ts":1764990568.743398,"logger":"http.auto_https","msg":"enabling automatic HTTP->HTTPS redirects","server_name":"srv0"}
[2025-12-06 03:09:28] {"level":"warn","ts":1764990568.7438977,"logger":"http","msg":"HTTP/2 skipped because it requires TLS","network":"tcp","addr":":80"}
[2025-12-06 03:09:28] {"level":"warn","ts":1764990568.7438977,"logger":"http","msg":"HTTP/3 skipped because it requires TLS","network":"tcp","addr":":80"}
[2025-12-06 03:09:28] {"level":"info","ts":1764990568.7438977,"logger":"http.log","msg":"server running","name":"remaining_auto_https_redirects","protocols":["h1","h2","h3"]}
[2025-12-06 03:09:28] {"level":"info","ts":1764990568.7438977,"logger":"http","msg":"enabling HTTP/3 listener","addr":":443"}
[2025-12-06 03:09:28] {"level":"info","ts":1764990568.7438977,"logger":"http.log","msg":"server running","name":"srv0","protocols":["h1","h2","h3"]}
[2025-12-06 03:09:28] {"level":"info","ts":1764990568.7438977,"logger":"http","msg":"enabling automatic TLS certificate management","domains":["jmgaming.chickenkille.com"]}
[2025-12-06 03:09:28] {"level":"info","ts":1764990568.7443995,"msg":"autosaved config (load with --resume flag)","file":"C:\\Users\\romai\\AppData\\Roaming\\Caddy\\autosave.json"}
[2025-12-06 03:09:28] {"level":"info","ts":1764990568.7443995,"msg":"serving initial configuration"}
[2025-12-06 03:09:28] {"level":"info","ts":1764990568.7453976,"logger":"tls.obtain","msg":"acquiring lock","identifier":"jmgaming.chickenkille.com"}
[2025-12-06 03:09:28] {"level":"info","ts":1764990568.7453976,"logger":"tls","msg":"storage cleaning happened too recently; skipping for now","storage":"FileStorage:C:\\Users\\romai\\AppData\\Roaming\\Caddy","instance":"3acdda7e-315f-47e7-a0dd-9e5fe5f44e19","try_again":1765076968.7453976,"try_again_in":86400}
[2025-12-06 03:09:28] {"level":"info","ts":1764990568.7453976,"logger":"tls","msg":"finished cleaning storage units"}
[2025-12-06 03:09:28] 1.7649905687453976e+09	info	[FileStorage:C:\Users\romai\AppData\Roaming\Caddy] Lock for 'issue_cert_jmgaming.chickenkille.com' is stale (created: 2025-12-06 03:08:57.832449 +0000 UTC, last update: 2025-12-06 03:09:07.8364095 +0000 UTC); removing then retrying: C:\Users\romai\AppData\Roaming\Caddy\locks\issue_cert_jmgaming.chickenkille.com.lock
[2025-12-06 03:09:28] {"level":"info","ts":1764990568.7463977,"logger":"tls.obtain","msg":"lock acquired","identifier":"jmgaming.chickenkille.com"}
[2025-12-06 03:09:28] {"level":"info","ts":1764990568.7463977,"logger":"tls.obtain","msg":"obtaining certificate","identifier":"jmgaming.chickenkille.com"}
[2025-12-06 03:09:28] {"level":"info","ts":1764990568.7473977,"logger":"http","msg":"waiting on internal rate limiter","identifiers":["jmgaming.chickenkille.com"],"ca":"https://acme-v02.api.letsencrypt.org/directory","account":""}
[2025-12-06 03:09:28] {"level":"info","ts":1764990568.7473977,"logger":"http","msg":"done waiting on internal rate limiter","identifiers":["jmgaming.chickenkille.com"],"ca":"https://acme-v02.api.letsencrypt.org/directory","account":""}
[2025-12-06 03:09:28] {"level":"info","ts":1764990568.7473977,"logger":"http","msg":"using ACME account","account_id":"https://acme-v02.api.letsencrypt.org/acme/acct/2854311316","account_contact":[]}
[2025-12-06 03:09:29] {"level":"error","ts":1764990569.4101408,"logger":"tls.obtain","msg":"could not get certificate from issuer","identifier":"jmgaming.chickenkille.com","issuer":"acme-v02.api.letsencrypt.org-directory","error":"HTTP 429 urn:ietf:params:acme:error:rateLimited - too many failed authorizations (5) for \"jmgaming.chickenkille.com\" in the last 1h0m0s, retry after 2025-12-06 03:16:52 UTC: see https://letsencrypt.org/docs/rate-limits/#authorization-failures-per-hostname-per-account"}
[2025-12-06 03:09:29] {"level":"error","ts":1764990569.4101408,"logger":"tls.obtain","msg":"will retry","error":"[jmgaming.chickenkille.com] Obtain: [jmgaming.chickenkille.com] creating new order: attempt 1: https://acme-v02.api.letsencrypt.org/acme/new-order: HTTP 429 urn:ietf:params:acme:error:rateLimited - too many failed authorizations (5) for \"jmgaming.chickenkille.com\" in the last 1h0m0s, retry after 2025-12-06 03:16:52 UTC: see https://letsencrypt.org/docs/rate-limits/#authorization-failures-per-hostname-per-account (ca=https://acme-v02.api.letsencrypt.org/directory)","attempt":1,"retrying_in":60,"elapsed":0.6637429,"max_duration":2592000}

================================================================================
CADDY START 2025-12-06 03:12:07
================================================================================
[2025-12-06 03:12:07] {"level":"info","ts":1764990727.071815,"msg":"maxprocs: Leaving GOMAXPROCS=24: CPU quota undefined"}
[2025-12-06 03:12:07] {"level":"info","ts":1764990727.071815,"msg":"GOMEMLIMIT is updated","package":"github.com/KimMachineGun/automemlimit/memlimit","GOMEMLIMIT":30679629004,"previous":9223372036854775807}
[2025-12-06 03:12:07] {"level":"info","ts":1764990727.071815,"msg":"using config from file","file":"B:\\Prog Projects\\MINREFACT\\ServerSide\\data\\Caddyfile"}
[2025-12-06 03:12:07] {"level":"info","ts":1764990727.0723147,"msg":"adapted config to JSON","adapter":"caddyfile"}
[2025-12-06 03:12:07] {"level":"warn","ts":1764990727.0723147,"msg":"Caddyfile input is not formatted; run 'caddy fmt --overwrite' to fix inconsistencies","adapter":"caddyfile","file":"B:\\Prog Projects\\MINREFACT\\ServerSide\\data\\Caddyfile","line":2}
[2025-12-06 03:12:07] {"level":"info","ts":1764990727.079314,"logger":"admin","msg":"admin endpoint started","address":"localhost:2019","enforce_origin":false,"origins":["//127.0.0.1:2019","//localhost:2019","//[::1]:2019"]}
[2025-12-06 03:12:07] {"level":"info","ts":1764990727.0798144,"logger":"tls.cache.maintenance","msg":"started background certificate maintenance","cache":"0xc000126d80"}
[2025-12-06 03:12:07] {"level":"info","ts":1764990727.0798144,"logger":"http.auto_https","msg":"server is listening only on the HTTPS port but has no TLS connection policies; adding one to enable TLS","server_name":"srv0","https_port":443}
[2025-12-06 03:12:07] {"level":"info","ts":1764990727.0798144,"logger":"http.auto_https","msg":"enabling automatic HTTP->HTTPS redirects","server_name":"srv0"}
[2025-12-06 03:12:07] {"level":"info","ts":1764990727.0803149,"logger":"http","msg":"enabling HTTP/3 listener","addr":":443"}
[2025-12-06 03:12:07] {"level":"info","ts":1764990727.0803149,"logger":"http.log","msg":"server running","name":"srv0","protocols":["h1","h2","h3"]}
[2025-12-06 03:12:07] {"level":"warn","ts":1764990727.0808141,"logger":"http","msg":"HTTP/2 skipped because it requires TLS","network":"tcp","addr":":80"}
[2025-12-06 03:12:07] {"level":"warn","ts":1764990727.0808141,"logger":"http","msg":"HTTP/3 skipped because it requires TLS","network":"tcp","addr":":80"}
[2025-12-06 03:12:07] {"level":"info","ts":1764990727.0808141,"logger":"http.log","msg":"server running","name":"remaining_auto_https_redirects","protocols":["h1","h2","h3"]}
[2025-12-06 03:12:07] {"level":"info","ts":1764990727.0808141,"logger":"http","msg":"enabling automatic TLS certificate management","domains":["jmgaming.chickenkille.com"]}
[2025-12-06 03:12:07] {"level":"info","ts":1764990727.0808141,"msg":"autosaved config (load with --resume flag)","file":"C:\\Users\\romai\\AppData\\Roaming\\Caddy\\autosave.json"}
[2025-12-06 03:12:07] {"level":"info","ts":1764990727.0808141,"msg":"serving initial configuration"}
[2025-12-06 03:12:07] {"level":"info","ts":1764990727.082314,"logger":"tls","msg":"storage cleaning happened too recently; skipping for now","storage":"FileStorage:C:\\Users\\romai\\AppData\\Roaming\\Caddy","instance":"3acdda7e-315f-47e7-a0dd-9e5fe5f44e19","try_again":1765077127.082314,"try_again_in":86400}
[2025-12-06 03:12:07] {"level":"info","ts":1764990727.082314,"logger":"tls","msg":"finished cleaning storage units"}
[2025-12-06 03:12:07] {"level":"info","ts":1764990727.0828142,"logger":"tls.obtain","msg":"acquiring lock","identifier":"jmgaming.chickenkille.com"}
[2025-12-06 03:12:07] 1.7649907270828142e+09	info	[FileStorage:C:\Users\romai\AppData\Roaming\Caddy] Lock for 'issue_cert_jmgaming.chickenkille.com' is stale (created: 2025-12-06 03:09:28.7458977 +0000 UTC, last update: 2025-12-06 03:09:33.7470926 +0000 UTC); removing then retrying: C:\Users\romai\AppData\Roaming\Caddy\locks\issue_cert_jmgaming.chickenkille.com.lock
[2025-12-06 03:12:07] {"level":"info","ts":1764990727.0838149,"logger":"tls.obtain","msg":"lock acquired","identifier":"jmgaming.chickenkille.com"}
[2025-12-06 03:12:07] {"level":"info","ts":1764990727.0838149,"logger":"tls.obtain","msg":"obtaining certificate","identifier":"jmgaming.chickenkille.com"}
[2025-12-06 03:12:07] {"level":"info","ts":1764990727.084816,"logger":"http","msg":"waiting on internal rate limiter","identifiers":["jmgaming.chickenkille.com"],"ca":"https://acme-v02.api.letsencrypt.org/directory","account":""}
[2025-12-06 03:12:07] {"level":"info","ts":1764990727.084816,"logger":"http","msg":"done waiting on internal rate limiter","identifiers":["jmgaming.chickenkille.com"],"ca":"https://acme-v02.api.letsencrypt.org/directory","account":""}
[2025-12-06 03:12:07] {"level":"info","ts":1764990727.084816,"logger":"http","msg":"using ACME account","account_id":"https://acme-v02.api.letsencrypt.org/acme/acct/2854311316","account_contact":[]}
[2025-12-06 03:12:07] {"level":"error","ts":1764990727.797883,"logger":"tls.obtain","msg":"could not get certificate from issuer","identifier":"jmgaming.chickenkille.com","issuer":"acme-v02.api.letsencrypt.org-directory","error":"HTTP 429 urn:ietf:params:acme:error:rateLimited - too many failed authorizations (5) for \"jmgaming.chickenkille.com\" in the last 1h0m0s, retry after 2025-12-06 03:16:52 UTC: see https://letsencrypt.org/docs/rate-limits/#authorization-failures-per-hostname-per-account"}
[2025-12-06 03:12:07] {"level":"error","ts":1764990727.797883,"logger":"tls.obtain","msg":"will retry","error":"[jmgaming.chickenkille.com] Obtain: [jmgaming.chickenkille.com] creating new order: attempt 1: https://acme-v02.api.letsencrypt.org/acme/new-order: HTTP 429 urn:ietf:params:acme:error:rateLimited - too many failed authorizations (5) for \"jmgaming.chickenkille.com\" in the last 1h0m0s, retry after 2025-12-06 03:16:52 UTC: see https://letsencrypt.org/docs/rate-limits/#authorization-failures-per-hostname-per-account (ca=https://acme-v02.api.letsencrypt.org/directory)","attempt":1,"retrying_in":60,"elapsed":0.7140684,"max_duration":2592000}

================================================================================
CADDY START 2025-12-06 03:12:51
================================================================================
[2025-12-06 03:12:51] {"level":"info","ts":1764990771.7408283,"msg":"maxprocs: Leaving GOMAXPROCS=24: CPU quota undefined"}
[2025-12-06 03:12:51] {"level":"info","ts":1764990771.741326,"msg":"GOMEMLIMIT is updated","package":"github.com/KimMachineGun/automemlimit/memlimit","GOMEMLIMIT":30679629004,"previous":9223372036854775807}
[2025-12-06 03:12:51] {"level":"info","ts":1764990771.743326,"msg":"using config from file","file":"B:\\Prog Projects\\MINREFACT\\ServerSide\\data\\Caddyfile"}
[2025-12-06 03:12:51] {"level":"info","ts":1764990771.7443278,"msg":"adapted config to JSON","adapter":"caddyfile"}
[2025-12-06 03:12:51] {"level":"warn","ts":1764990771.7443278,"msg":"Caddyfile input is not formatted; run 'caddy fmt --overwrite' to fix inconsistencies","adapter":"caddyfile","file":"B:\\Prog Projects\\MINREFACT\\ServerSide\\data\\Caddyfile","line":2}
[2025-12-06 03:12:51] {"level":"info","ts":1764990771.7513263,"logger":"admin","msg":"admin endpoint started","address":"localhost:2019","enforce_origin":false,"origins":["//localhost:2019","//[::1]:2019","//127.0.0.1:2019"]}
[2025-12-06 03:12:51] {"level":"info","ts":1764990771.7513263,"logger":"tls.cache.maintenance","msg":"started background certificate maintenance","cache":"0xc0007b0300"}
[2025-12-06 03:12:51] {"level":"info","ts":1764990771.7513263,"logger":"http.auto_https","msg":"server is listening only on the HTTPS port but has no TLS connection policies; adding one to enable TLS","server_name":"srv0","https_port":443}
[2025-12-06 03:12:51] {"level":"info","ts":1764990771.7513263,"logger":"http.auto_https","msg":"enabling automatic HTTP->HTTPS redirects","server_name":"srv0"}
[2025-12-06 03:12:51] {"level":"warn","ts":1764990771.7513263,"logger":"http","msg":"HTTP/2 skipped because it requires TLS","network":"tcp","addr":":80"}
[2025-12-06 03:12:51] {"level":"warn","ts":1764990771.7513263,"logger":"http","msg":"HTTP/3 skipped because it requires TLS","network":"tcp","addr":":80"}
[2025-12-06 03:12:51] {"level":"info","ts":1764990771.7513263,"logger":"http.log","msg":"server running","name":"remaining_auto_https_redirects","protocols":["h1","h2","h3"]}
[2025-12-06 03:12:51] {"level":"info","ts":1764990771.7518258,"logger":"http","msg":"enabling HTTP/3 listener","addr":":443"}
[2025-12-06 03:12:51] {"level":"info","ts":1764990771.7518258,"logger":"http.log","msg":"server running","name":"srv0","protocols":["h1","h2","h3"]}
[2025-12-06 03:12:51] {"level":"info","ts":1764990771.7518258,"logger":"http","msg":"enabling automatic TLS certificate management","domains":["jmgaming.chickenkiller.net"]}
[2025-12-06 03:12:51] {"level":"info","ts":1764990771.7523267,"msg":"autosaved config (load with --resume flag)","file":"C:\\Users\\romai\\AppData\\Roaming\\Caddy\\autosave.json"}
[2025-12-06 03:12:51] {"level":"info","ts":1764990771.7523267,"msg":"serving initial configuration"}
[2025-12-06 03:12:51] {"level":"info","ts":1764990771.7543254,"logger":"tls","msg":"storage cleaning happened too recently; skipping for now","storage":"FileStorage:C:\\Users\\romai\\AppData\\Roaming\\Caddy","instance":"3acdda7e-315f-47e7-a0dd-9e5fe5f44e19","try_again":1765077171.7543254,"try_again_in":86400}
[2025-12-06 03:12:51] {"level":"info","ts":1764990771.7543254,"logger":"tls.obtain","msg":"acquiring lock","identifier":"jmgaming.chickenkiller.net"}
[2025-12-06 03:12:51] {"level":"info","ts":1764990771.7543254,"logger":"tls","msg":"finished cleaning storage units"}
[2025-12-06 03:12:51] {"level":"info","ts":1764990771.7553265,"logger":"tls.obtain","msg":"lock acquired","identifier":"jmgaming.chickenkiller.net"}
[2025-12-06 03:12:51] {"level":"info","ts":1764990771.7553265,"logger":"tls.obtain","msg":"obtaining certificate","identifier":"jmgaming.chickenkiller.net"}
[2025-12-06 03:12:51] {"level":"info","ts":1764990771.7558265,"logger":"http","msg":"waiting on internal rate limiter","identifiers":["jmgaming.chickenkiller.net"],"ca":"https://acme-v02.api.letsencrypt.org/directory","account":""}
[2025-12-06 03:12:51] {"level":"info","ts":1764990771.7558265,"logger":"http","msg":"done waiting on internal rate limiter","identifiers":["jmgaming.chickenkiller.net"],"ca":"https://acme-v02.api.letsencrypt.org/directory","account":""}
[2025-12-06 03:12:51] {"level":"info","ts":1764990771.7558265,"logger":"http","msg":"using ACME account","account_id":"https://acme-v02.api.letsencrypt.org/acme/acct/2854311316","account_contact":[]}
[2025-12-06 03:12:52] {"level":"info","ts":1764990772.662373,"msg":"trying to solve challenge","identifier":"jmgaming.chickenkiller.net","challenge_type":"tls-alpn-01","ca":"https://acme-v02.api.letsencrypt.org/directory"}
[2025-12-06 03:12:53] {"level":"error","ts":1764990773.1896355,"msg":"challenge failed","identifier":"jmgaming.chickenkiller.net","challenge_type":"tls-alpn-01","problem":{"type":"urn:ietf:params:acme:error:dns","title":"","detail":"DNS problem: NXDOMAIN looking up A for jmgaming.chickenkiller.net - check that a DNS record exists for this domain; DNS problem: NXDOMAIN looking up AAAA for jmgaming.chickenkiller.net - check that a DNS record exists for this domain","instance":"","subproblems":null},"stacktrace":"github.com/mholt/acmez/v3.(*Client).pollAuthorization\n\tgithub.com/mholt/acmez/v3@v3.1.2/client.go:557\ngithub.com/mholt/acmez/v3.(*Client).solveChallenges\n\tgithub.com/mholt/acmez/v3@v3.1.2/client.go:378\ngithub.com/mholt/acmez/v3.(*Client).ObtainCertificate\n\tgithub.com/mholt/acmez/v3@v3.1.2/client.go:136\ngithub.com/caddyserver/certmagic.(*ACMEIssuer).doIssue\n\tgithub.com/caddyserver/certmagic@v0.24.0/acmeissuer.go:489\ngithub.com/caddyserver/certmagic.(*ACMEIssuer).Issue\n\tgithub.com/caddyserver/certmagic@v0.24.0/acmeissuer.go:382\ngithub.com/caddyserver/caddy/v2/modules/caddytls.(*ACMEIssuer).Issue\n\tgithub.com/caddyserver/caddy/v2@v2.10.2/modules/caddytls/acmeissuer.go:288\ngithub.com/caddyserver/certmagic.(*Config).obtainCert.func2\n\tgithub.com/caddyserver/certmagic@v0.24.0/config.go:626\ngithub.com/caddyserver/certmagic.doWithRetry\n\tgithub.com/caddyserver/certmagic@v0.24.0/async.go:104\ngithub.com/caddyserver/certmagic.(*Config).obtainCert\n\tgithub.com/caddyserver/certmagic@v0.24.0/config.go:700\ngithub.com/caddyserver/certmagic.(*Config).ObtainCertAsync\n\tgithub.com/caddyserver/certmagic@v0.24.0/config.go:505\ngithub.com/caddyserver/certmagic.(*Config).manageOne.func1\n\tgithub.com/caddyserver/certmagic@v0.24.0/config.go:415\ngithub.com/caddyserver/certmagic.(*jobManager).worker\n\tgithub.com/caddyserver/certmagic@v0.24.0/async.go:73"}
[2025-12-06 03:12:53] {"level":"error","ts":1764990773.1901357,"msg":"validating authorization","identifier":"jmgaming.chickenkiller.net","problem":{"type":"urn:ietf:params:acme:error:dns","title":"","detail":"DNS problem: NXDOMAIN looking up A for jmgaming.chickenkiller.net - check that a DNS record exists for this domain; DNS problem: NXDOMAIN looking up AAAA for jmgaming.chickenkiller.net - check that a DNS record exists for this domain","instance":"","subproblems":null},"order":"https://acme-v02.api.letsencrypt.org/acme/order/2854311316/455996488146","attempt":1,"max_attempts":3,"stacktrace":"github.com/mholt/acmez/v3.(*Client).ObtainCertificate\n\tgithub.com/mholt/acmez/v3@v3.1.2/client.go:152\ngithub.com/caddyserver/certmagic.(*ACMEIssuer).doIssue\n\tgithub.com/caddyserver/certmagic@v0.24.0/acmeissuer.go:489\ngithub.com/caddyserver/certmagic.(*ACMEIssuer).Issue\n\tgithub.com/caddyserver/certmagic@v0.24.0/acmeissuer.go:382\ngithub.com/caddyserver/caddy/v2/modules/caddytls.(*ACMEIssuer).Issue\n\tgithub.com/caddyserver/caddy/v2@v2.10.2/modules/caddytls/acmeissuer.go:288\ngithub.com/caddyserver/certmagic.(*Config).obtainCert.func2\n\tgithub.com/caddyserver/certmagic@v0.24.0/config.go:626\ngithub.com/caddyserver/certmagic.doWithRetry\n\tgithub.com/caddyserver/certmagic@v0.24.0/async.go:104\ngithub.com/caddyserver/certmagic.(*Config).obtainCert\n\tgithub.com/caddyserver/certmagic@v0.24.0/config.go:700\ngithub.com/caddyserver/certmagic.(*Config).ObtainCertAsync\n\tgithub.com/caddyserver/certmagic@v0.24.0/config.go:505\ngithub.com/caddyserver/certmagic.(*Config).manageOne.func1\n\tgithub.com/caddyserver/certmagic@v0.24.0/config.go:415\ngithub.com/caddyserver/certmagic.(*jobManager).worker\n\tgithub.com/caddyserver/certmagic@v0.24.0/async.go:73"}
[2025-12-06 03:12:54] {"level":"info","ts":1764990774.4848905,"msg":"trying to solve challenge","identifier":"jmgaming.chickenkiller.net","challenge_type":"http-01","ca":"https://acme-v02.api.letsencrypt.org/directory"}
[2025-12-06 03:12:55] {"level":"error","ts":1764990775.0141144,"msg":"challenge failed","identifier":"jmgaming.chickenkiller.net","challenge_type":"http-01","problem":{"type":"urn:ietf:params:acme:error:dns","title":"","detail":"DNS problem: NXDOMAIN looking up A for jmgaming.chickenkiller.net - check that a DNS record exists for this domain; DNS problem: NXDOMAIN looking up AAAA for jmgaming.chickenkiller.net - check that a DNS record exists for this domain","instance":"","subproblems":null},"stacktrace":"github.com/mholt/acmez/v3.(*Client).pollAuthorization\n\tgithub.com/mholt/acmez/v3@v3.1.2/client.go:557\ngithub.com/mholt/acmez/v3.(*Client).solveChallenges\n\tgithub.com/mholt/acmez/v3@v3.1.2/client.go:378\ngithub.com/mholt/acmez/v3.(*Client).ObtainCertificate\n\tgithub.com/mholt/acmez/v3@v3.1.2/client.go:136\ngithub.com/caddyserver/certmagic.(*ACMEIssuer).doIssue\n\tgithub.com/caddyserver/certmagic@v0.24.0/acmeissuer.go:489\ngithub.com/caddyserver/certmagic.(*ACMEIssuer).Issue\n\tgithub.com/caddyserver/certmagic@v0.24.0/acmeissuer.go:382\ngithub.com/caddyserver/caddy/v2/modules/caddytls.(*ACMEIssuer).Issue\n\tgithub.com/caddyserver/caddy/v2@v2.10.2/modules/caddytls/acmeissuer.go:288\ngithub.com/caddyserver/certmagic.(*Config).obtainCert.func2\n\tgithub.com/caddyserver/certmagic@v0.24.0/config.go:626\ngithub.com/caddyserver/certmagic.doWithRetry\n\tgithub.com/caddyserver/certmagic@v0.24.0/async.go:104\ngithub.com/caddyserver/certmagic.(*Config).obtainCert\n\tgithub.com/caddyserver/certmagic@v0.24.0/config.go:700\ngithub.com/caddyserver/certmagic.(*Config).ObtainCertAsync\n\tgithub.com/caddyserver/certmagic@v0.24.0/config.go:505\ngithub.com/caddyserver/certmagic.(*Config).manageOne.func1\n\tgithub.com/caddyserver/certmagic@v0.24.0/config.go:415\ngithub.com/caddyserver/certmagic.(*jobManager).worker\n\tgithub.com/caddyserver/certmagic@v0.24.0/async.go:73"}
[2025-12-06 03:12:55] {"level":"error","ts":1764990775.0141144,"msg":"validating authorization","identifier":"jmgaming.chickenkiller.net","problem":{"type":"urn:ietf:params:acme:error:dns","title":"","detail":"DNS problem: NXDOMAIN looking up A for jmgaming.chickenkiller.net - check that a DNS record exists for this domain; DNS problem: NXDOMAIN looking up AAAA for jmgaming.chickenkiller.net - check that a DNS record exists for this domain","instance":"","subproblems":null},"order":"https://acme-v02.api.letsencrypt.org/acme/order/2854311316/455996494306","attempt":2,"max_attempts":3,"stacktrace":"github.com/mholt/acmez/v3.(*Client).ObtainCertificate\n\tgithub.com/mholt/acmez/v3@v3.1.2/client.go:152\ngithub.com/caddyserver/certmagic.(*ACMEIssuer).doIssue\n\tgithub.com/caddyserver/certmagic@v0.24.0/acmeissuer.go:489\ngithub.com/caddyserver/certmagic.(*ACMEIssuer).Issue\n\tgithub.com/caddyserver/certmagic@v0.24.0/acmeissuer.go:382\ngithub.com/caddyserver/caddy/v2/modules/caddytls.(*ACMEIssuer).Issue\n\tgithub.com/caddyserver/caddy/v2@v2.10.2/modules/caddytls/acmeissuer.go:288\ngithub.com/caddyserver/certmagic.(*Config).obtainCert.func2\n\tgithub.com/caddyserver/certmagic@v0.24.0/config.go:626\ngithub.com/caddyserver/certmagic.doWithRetry\n\tgithub.com/caddyserver/certmagic@v0.24.0/async.go:104\ngithub.com/caddyserver/certmagic.(*Config).obtainCert\n\tgithub.com/caddyserver/certmagic@v0.24.0/config.go:700\ngithub.com/caddyserver/certmagic.(*Config).ObtainCertAsync\n\tgithub.com/caddyserver/certmagic@v0.24.0/config.go:505\ngithub.com/caddyserver/certmagic.(*Config).manageOne.func1\n\tgithub.com/caddyserver/certmagic@v0.24.0/config.go:415\ngithub.com/caddyserver/certmagic.(*jobManager).worker\n\tgithub.com/caddyserver/certmagic@v0.24.0/async.go:73"}
[2025-12-06 03:12:55] {"level":"error","ts":1764990775.0141144,"logger":"tls.obtain","msg":"could not get certificate from issuer","identifier":"jmgaming.chickenkiller.net","issuer":"acme-v02.api.letsencrypt.org-directory","error":"HTTP 400 urn:ietf:params:acme:error:dns - DNS problem: NXDOMAIN looking up A for jmgaming.chickenkiller.net - check that a DNS record exists for this domain; DNS problem: NXDOMAIN looking up AAAA for jmgaming.chickenkiller.net - check that a DNS record exists for this domain"}
[2025-12-06 03:12:55] {"level":"error","ts":1764990775.0141144,"logger":"tls.obtain","msg":"will retry","error":"[jmgaming.chickenkiller.net] Obtain: [jmgaming.chickenkiller.net] solving challenge: jmgaming.chickenkiller.net: [jmgaming.chickenkiller.net] authorization failed: HTTP 400 urn:ietf:params:acme:error:dns - DNS problem: NXDOMAIN looking up A for jmgaming.chickenkiller.net - check that a DNS record exists for this domain; DNS problem: NXDOMAIN looking up AAAA for jmgaming.chickenkiller.net - check that a DNS record exists for this domain (ca=https://acme-v02.api.letsencrypt.org/directory)","attempt":1,"retrying_in":60,"elapsed":3.2587879,"max_duration":2592000}

================================================================================
CADDY START 2025-12-06 03:13:21
================================================================================
[2025-12-06 03:13:21] {"level":"info","ts":1764990801.1100626,"msg":"maxprocs: Leaving GOMAXPROCS=24: CPU quota undefined"}
[2025-12-06 03:13:21] {"level":"info","ts":1764990801.1100626,"msg":"GOMEMLIMIT is updated","package":"github.com/KimMachineGun/automemlimit/memlimit","GOMEMLIMIT":30679629004,"previous":9223372036854775807}
[2025-12-06 03:13:21] {"level":"info","ts":1764990801.1206086,"msg":"using config from file","file":"B:\\Prog Projects\\MINREFACT\\ServerSide\\data\\Caddyfile"}
[2025-12-06 03:13:21] {"level":"info","ts":1764990801.1211085,"msg":"adapted config to JSON","adapter":"caddyfile"}
[2025-12-06 03:13:21] {"level":"warn","ts":1764990801.1211085,"msg":"Caddyfile input is not formatted; run 'caddy fmt --overwrite' to fix inconsistencies","adapter":"caddyfile","file":"B:\\Prog Projects\\MINREFACT\\ServerSide\\data\\Caddyfile","line":2}
[2025-12-06 03:13:21] {"level":"info","ts":1764990801.1276162,"logger":"admin","msg":"admin endpoint started","address":"localhost:2019","enforce_origin":false,"origins":["//localhost:2019","//[::1]:2019","//127.0.0.1:2019"]}
[2025-12-06 03:13:21] {"level":"info","ts":1764990801.1276162,"logger":"tls.cache.maintenance","msg":"started background certificate maintenance","cache":"0xc0007a0700"}
[2025-12-06 03:13:21] {"level":"info","ts":1764990801.1276162,"logger":"http.auto_https","msg":"server is listening only on the HTTPS port but has no TLS connection policies; adding one to enable TLS","server_name":"srv0","https_port":443}
[2025-12-06 03:13:21] {"level":"info","ts":1764990801.1276162,"logger":"http.auto_https","msg":"enabling automatic HTTP->HTTPS redirects","server_name":"srv0"}
[2025-12-06 03:13:21] {"level":"info","ts":1764990801.1281219,"logger":"http","msg":"enabling HTTP/3 listener","addr":":443"}
[2025-12-06 03:13:21] {"level":"info","ts":1764990801.1281219,"logger":"http.log","msg":"server running","name":"srv0","protocols":["h1","h2","h3"]}
[2025-12-06 03:13:21] {"level":"warn","ts":1764990801.1281219,"logger":"http","msg":"HTTP/2 skipped because it requires TLS","network":"tcp","addr":":80"}
[2025-12-06 03:13:21] {"level":"warn","ts":1764990801.1281219,"logger":"http","msg":"HTTP/3 skipped because it requires TLS","network":"tcp","addr":":80"}
[2025-12-06 03:13:21] {"level":"info","ts":1764990801.1281219,"logger":"http.log","msg":"server running","name":"remaining_auto_https_redirects","protocols":["h1","h2","h3"]}
[2025-12-06 03:13:21] {"level":"info","ts":1764990801.1281219,"logger":"http","msg":"enabling automatic TLS certificate management","domains":["jmgaming.chickenkiller.com"]}
[2025-12-06 03:13:21] {"level":"info","ts":1764990801.1296146,"msg":"autosaved config (load with --resume flag)","file":"C:\\Users\\romai\\AppData\\Roaming\\Caddy\\autosave.json"}
[2025-12-06 03:13:21] {"level":"info","ts":1764990801.1296146,"msg":"serving initial configuration"}
[2025-12-06 03:13:21] {"level":"info","ts":1764990801.132138,"logger":"tls","msg":"storage cleaning happened too recently; skipping for now","storage":"FileStorage:C:\\Users\\romai\\AppData\\Roaming\\Caddy","instance":"3acdda7e-315f-47e7-a0dd-9e5fe5f44e19","try_again":1765077201.132138,"try_again_in":86400}
[2025-12-06 03:13:21] {"level":"info","ts":1764990801.1326375,"logger":"tls","msg":"finished cleaning storage units"}
