2025-12-05 00:03:31,053 - control_panel - INFO - Playit.exe STARTED with PID 33108
2025-12-05 00:03:31,058 - control_panel - INFO - Controller STARTED for profile 'Vanilla' with PID 32344
2025-12-05 00:03:31,059 - control_panel - INFO - Starting control panel UI
2025-12-05 00:03:39,957 - control_panel - INFO - User logged in successfully
2025-12-05 00:04:23,634 - control_panel - INFO - Global auth keys saved to secret store
2025-12-05 00:04:25,212 - control_panel - INFO - Client connected to follow logs for profile: Vanilla
2025-12-05 00:04:29,625 - control_panel - INFO - Controller STOPPED for profile 'Vanilla' with PID 32344
2025-12-05 00:04:32,965 - control_panel - INFO - Playit process STOPPED with PID 33108
2025-12-05 00:04:40,659 - control_panel - INFO - Playit.exe STARTED with PID 30764
2025-12-05 00:05:04,825 - control_panel - INFO - Playit process STOPPED with PID 30764
2025-12-05 00:05:48,707 - control_panel - INFO - Controller STARTED for profile 'Vanilla' with PID 32344
2025-12-05 00:06:08,813 - control_panel - INFO - Client connected to follow logs for profile: Vanilla
2025-12-05 00:06:36,867 - control_panel - INFO - Controller STOPPED for profile 'Vanilla' with PID 32344
2025-12-05 00:07:27,751 - control_panel - INFO - Controller STARTED for profile 'Vanilla' with PID 32344
2025-12-05 00:07:35,613 - control_panel - INFO - Controller STOPPED for profile 'Vanilla' with PID 32344
2025-12-05 00:07:39,181 - control_panel - INFO - Client connected to follow logs for profile: Vanilla
2025-12-05 00:07:42,544 - control_panel - INFO - Controller STARTED for profile 'Vanilla' with PID 32344
2025-12-05 00:07:45,856 - control_panel - INFO - Controller STOPPED for profile 'Vanilla' with PID 32344
2025-12-05 00:07:48,815 - control_panel - INFO - Playit.exe STARTED with PID 33496
2025-12-05 00:07:51,665 - control_panel - INFO - Playit process STOPPED with PID 33496
2025-12-05 00:07:59,052 - control_panel - INFO - Console close event received (0); shutting down.
2025-12-05 00:07:59,052 - control_panel - INFO - Application shutting down (console event 0), cleaning up...
2025-12-05 00:08:01,097 - control_panel - WARNING - Failed to send RCON stop command: [WinError 10061] No connection could be made because the target machine actively refused it
2025-12-05 00:08:08,013 - control_panel - INFO - Playit.exe STARTED with PID 17944
2025-12-05 00:08:08,015 - control_panel - INFO - Controller STARTED for profile 'Vanilla' with PID 30880
2025-12-05 00:08:08,016 - control_panel - INFO - Starting control panel UI
2025-12-05 00:08:17,880 - control_panel - INFO - User logged in successfully
2025-12-05 00:08:27,939 - control_panel - INFO - Global auth keys saved to secret store
2025-12-05 00:08:29,524 - control_panel - INFO - Client connected to follow logs for profile: Vanilla
2025-12-05 00:11:16,518 - control_panel - INFO - Console close event received (0); shutting down.
2025-12-05 00:11:16,518 - control_panel - INFO - Application shutting down (console event 0), cleaning up...
2025-12-05 00:11:18,521 - control_panel - INFO - Controller STOPPED for profile 'Vanilla' with PID 30880
2025-12-05 00:11:20,567 - control_panel - WARNING - Failed to send RCON stop command: [WinError 10061] No connection could be made because the target machine actively refused it
2025-12-05 00:11:20,577 - control_panel - INFO - Playit process STOPPED with PID 17944
2025-12-05 00:11:35,697 - control_panel - INFO - Playit.exe STARTED with PID 17484
2025-12-05 00:11:35,699 - control_panel - INFO - Controller STARTED for profile 'Vanilla' with PID 16928
2025-12-05 00:11:35,700 - control_panel - INFO - Starting control panel UI
2025-12-05 00:11:36,990 - control_panel - INFO - Client connected to follow logs for profile: Vanilla
2025-12-05 00:11:43,335 - control_panel - INFO - User logged in successfully
2025-12-05 00:11:57,011 - control_panel - INFO - Global auth keys saved to secret store
2025-12-05 00:11:58,576 - control_panel - INFO - Client connected to follow logs for profile: Vanilla
2025-12-05 00:12:14,005 - control_panel - INFO - Console close event received (0); shutting down.
2025-12-05 00:12:14,005 - control_panel - INFO - Application shutting down (console event 0), cleaning up...
2025-12-05 00:13:17,447 - control_panel - INFO - Playit.exe STARTED with PID 30888
2025-12-05 00:13:17,448 - control_panel - INFO - Controller STARTED for profile 'Vanilla' with PID 20432
2025-12-05 00:13:17,449 - control_panel - INFO - Starting control panel UI
2025-12-05 00:13:21,224 - control_panel - INFO - Client connected to follow logs for profile: Vanilla
2025-12-05 00:13:21,551 - control_panel - INFO - Client connected to follow logs for profile: Vanilla
2025-12-05 00:13:25,978 - control_panel - INFO - User logged in successfully
2025-12-05 00:13:31,154 - control_panel - INFO - Global auth keys saved to secret store
2025-12-05 00:13:32,435 - control_panel - INFO - Client connected to follow logs for profile: Vanilla
2025-12-05 00:13:38,326 - control_panel - INFO - Console close event received (0); shutting down.
2025-12-05 00:13:38,326 - control_panel - INFO - Application shutting down (console event 0), cleaning up...
2025-12-05 00:13:40,331 - control_panel - INFO - Controller STOPPED for profile 'Vanilla' with PID 20432
2025-12-05 00:13:42,373 - control_panel - WARNING - Failed to send RCON stop command: [WinError 10061] No connection could be made because the target machine actively refused it
2025-12-05 00:13:42,388 - control_panel - INFO - Playit process STOPPED with PID 30888
2025-12-05 00:13:46,907 - control_panel - INFO - Playit.exe STARTED with PID 28064
2025-12-05 00:13:46,909 - control_panel - INFO - Controller STARTED for profile 'Vanilla' with PID 22932
2025-12-05 00:13:46,910 - control_panel - INFO - Starting control panel UI
2025-12-05 00:13:55,472 - control_panel - INFO - User logged in successfully
2025-12-05 00:13:58,054 - control_panel - INFO - Client connected to follow logs for profile: Vanilla
2025-12-05 00:18:28,704 - control_panel - INFO - Console close event received (0); shutting down.
2025-12-05 00:18:28,704 - control_panel - INFO - Application shutting down (console event 0), cleaning up...
2025-12-05 00:18:30,715 - control_panel - INFO - Controller STOPPED for profile 'Vanilla' with PID 22932
2025-12-05 18:48:19,459 - control_panel - INFO - Playit.exe STARTED with PID 5716
2025-12-05 18:48:19,463 - control_panel - INFO - Controller STARTED for profile 'Vanilla' with PID 10248
2025-12-05 18:48:19,464 - control_panel - INFO - Starting control panel UI
2025-12-05 18:48:27,658 - control_panel - INFO - User logged in successfully
2025-12-05 18:48:30,457 - control_panel - INFO - Client connected to follow logs for profile: Vanilla
2025-12-05 18:48:35,540 - control_panel - INFO - Playit process STOPPED with PID 5716
2025-12-05 18:48:38,606 - control_panel - INFO - Controller STOPPED for profile 'Vanilla' with PID 10248
2025-12-05 18:48:40,085 - control_panel - INFO - Playit.exe STARTED with PID 11328
2025-12-05 18:48:42,181 - control_panel - INFO - Playit process STOPPED with PID 11328
2025-12-05 18:49:39,843 - control_panel - INFO - Console close event received (0); shutting down.
2025-12-05 18:49:39,844 - control_panel - INFO - Application shutting down (console event 0), cleaning up...
2025-12-05 18:49:41,892 - control_panel - WARNING - Failed to send RCON stop command: [WinError 10061] No connection could be made because the target machine actively refused it
2025-12-05 20:00:32,743 - control_panel - INFO - Playit.exe STARTED with PID 3128
2025-12-05 20:00:32,745 - control_panel - INFO - Controller STARTED for profile 'Vanilla'
2025-12-05 20:00:32,746 - control_panel - INFO - Starting control panel UI
2025-12-05 20:00:52,857 - control_panel - INFO - Console close event received (0); shutting down.
2025-12-05 20:00:52,857 - control_panel - INFO - Application shutting down (console event 0), cleaning up...
2025-12-05 20:00:54,871 - control_panel - INFO - Controller STOPPED for profile 'Vanilla'
