2025-12-04 00:03:27,167 - control_panel - INFO - Starting control panel UI
2025-12-04 00:03:29,227 - control_panel - INFO - Playit.exe started with PID 32000
2025-12-04 00:03:35,258 - control_panel - INFO - API started for profile 'Vanilla' with PID 36504
2025-12-04 00:03:35,259 - control_panel - INFO - Controller started for profile 'Vanilla'
2025-12-04 00:03:37,210 - control_panel - INFO - Client connected to follow logs for profile: Vanilla
2025-12-04 00:03:39,611 - control_panel - INFO - API process stopped
2025-12-04 00:04:39,583 - control_panel - INFO - API started for profile 'Vanilla' with PID 29072
2025-12-04 00:04:40,718 - control_panel - INFO - Request: {'method': 'GET', 'url': 'http://localhost:37000/status', 'status': 206, 'remote_addr': '127.0.0.1', 'user_agent': 'python-requests/2.32.3'}
2025-12-04 00:04:42,181 - control_panel - INFO - Client connected to follow logs for profile: Vanilla
2025-12-04 00:04:48,674 - control_panel - INFO - API process stopped
2025-12-04 00:05:05,517 - control_panel - INFO - API started for profile 'Vanilla' with PID 15556
2025-12-04 00:05:36,947 - control_panel - INFO - API process stopped
2025-12-04 00:05:44,007 - control_panel - WARNING - Remote API shutdown failed
2025-12-04 00:06:39,623 - control_panel - INFO - API started for profile 'Vanilla' with PID 24992
2025-12-04 00:06:40,581 - control_panel - INFO - Request: {'method': 'GET', 'url': 'http://localhost:37000/status', 'status': 206, 'remote_addr': '127.0.0.1', 'user_agent': 'python-requests/2.32.3'}
2025-12-04 00:06:40,690 - control_panel - INFO - Request: {'method': 'GET', 'url': 'http://localhost:37000/status', 'status': 206, 'remote_addr': '127.0.0.1', 'user_agent': 'python-requests/2.32.3'}
2025-12-04 00:06:46,943 - control_panel - INFO - API process stopped
2025-12-04 00:06:48,978 - control_panel - WARNING - Failed to send RCON stop command: [WinError 10061] No connection could be made because the target machine actively refused it
2025-12-04 00:06:55,019 - control_panel - INFO - API started for profile 'Vanilla' with PID 30876
2025-12-04 00:06:55,020 - control_panel - INFO - Controller started for profile 'Vanilla'
2025-12-04 00:06:55,668 - control_panel - INFO - Client connected to follow logs for profile: Vanilla
2025-12-04 00:09:18,590 - control_panel - INFO - Starting control panel UI
2025-12-04 00:09:19,791 - control_panel - INFO - Client connected to follow logs for profile: Vanilla
2025-12-04 00:09:20,654 - control_panel - INFO - Playit.exe started with PID 15096
2025-12-04 00:09:25,195 - control_panel - INFO - API started for profile 'Vanilla' with PID 20308
2025-12-04 00:09:25,197 - control_panel - INFO - Controller started for profile 'Vanilla'
2025-12-04 00:09:27,141 - control_panel - INFO - Client connected to follow logs for profile: Vanilla
2025-12-04 00:09:30,546 - control_panel - INFO - Playit process stopped
2025-12-04 00:09:35,896 - control_panel - INFO - Controller stopped for profile 'Vanilla'
2025-12-04 00:09:41,403 - control_panel - INFO - API process stopped
2025-12-04 00:09:58,818 - control_panel - INFO - API started for profile 'Vanilla' with PID 18388
2025-12-04 00:12:39,700 - control_panel - INFO - Starting control panel UI
2025-12-04 00:12:40,434 - control_panel - INFO - Client connected to follow logs for profile: Vanilla
2025-12-04 00:12:40,460 - control_panel - INFO - Client connected to follow logs for profile: Vanilla
2025-12-04 00:12:40,788 - control_panel - INFO - Playit.exe started with PID 21392
2025-12-04 00:12:45,344 - control_panel - INFO - API started for profile 'Vanilla' with PID 15788
2025-12-04 00:12:45,344 - control_panel - INFO - Controller started for profile 'Vanilla'
2025-12-04 00:12:47,351 - control_panel - INFO - Client connected to follow logs for profile: Vanilla
2025-12-04 00:12:53,346 - control_panel - INFO - Starting control panel UI
2025-12-04 00:12:55,399 - control_panel - INFO - Playit.exe started with PID 35244
2025-12-04 00:12:59,940 - control_panel - INFO - API started for profile 'Vanilla' with PID 29212
2025-12-04 00:12:59,941 - control_panel - INFO - Controller started for profile 'Vanilla'
2025-12-04 00:13:01,905 - control_panel - INFO - Client connected to follow logs for profile: Vanilla
2025-12-04 00:13:03,688 - control_panel - INFO - API process stopped
2025-12-04 00:13:10,130 - control_panel - WARNING - Remote API shutdown failed
2025-12-04 00:13:23,670 - control_panel - INFO - API started for profile 'Vanilla' with PID 27000
2025-12-04 00:13:41,643 - control_panel - INFO - Playit.exe started with PID 36416
2025-12-04 00:15:12,221 - control_panel - INFO - Client connected to follow logs for profile: Vanilla
2025-12-04 00:16:38,667 - control_panel - INFO - Starting control panel UI
2025-12-04 00:16:40,737 - control_panel - INFO - Playit.exe started with PID 1144
2025-12-04 00:16:43,108 - control_panel - INFO - Client connected to follow logs for profile: Vanilla
2025-12-04 00:16:46,809 - control_panel - INFO - API started for profile 'Vanilla' with PID 36836
2025-12-04 00:16:46,810 - control_panel - INFO - Controller started for profile 'Vanilla'
2025-12-04 00:16:48,664 - control_panel - INFO - Client connected to follow logs for profile: Vanilla
2025-12-04 00:16:52,297 - control_panel - INFO - Playit process stopped
2025-12-04 00:17:12,608 - control_panel - INFO - Controller stopped for profile 'Vanilla'
2025-12-04 00:23:58,521 - control_panel - INFO - Starting control panel UI
2025-12-04 00:24:06,606 - control_panel - INFO - API started for profile 'Vanilla' with PID 36456
2025-12-04 00:24:06,608 - control_panel - INFO - Controller started for profile 'Vanilla'
2025-12-04 00:24:06,609 - control_panel - ERROR - Exception on / [GET]
Traceback (most recent call last):
  File "C:\Python312\Lib\site-packages\flask\app.py", line 2525, in wsgi_app
    response = self.full_dispatch_request()
               ^^^^^^^^^^^^^^^^^^^^^^^^^^^^
  File "C:\Python312\Lib\site-packages\flask\app.py", line 1822, in full_dispatch_request
    rv = self.handle_user_exception(e)
         ^^^^^^^^^^^^^^^^^^^^^^^^^^^^^
  File "C:\Python312\Lib\site-packages\flask\app.py", line 1820, in full_dispatch_request
    rv = self.dispatch_request()
         ^^^^^^^^^^^^^^^^^^^^^^^
  File "C:\Python312\Lib\site-packages\flask\app.py", line 1796, in dispatch_request
    return self.ensure_sync(self.view_functions[rule.endpoint])(**view_args)
           ^^^^^^^^^^^^^^^^^^^^^^^^^^^^^^^^^^^^^^^^^^^^^^^^^^^^^^^^^^^^^^^^^
  File "B:\Prog Projects\ServerSide\src\interface\control_panel.py", line 544, in index
    return render_template("control_panel.html", auth_key=settings.ADMIN_AUTH_KEY)
           ^^^^^^^^^^^^^^^^^^^^^^^^^^^^^^^^^^^^^^^^^^^^^^^^^^^^^^^^^^^^^^^^^^^^^^^
  File "C:\Python312\Lib\site-packages\flask\templating.py", line 146, in render_template
    template = app.jinja_env.get_or_select_template(template_name_or_list)
               ^^^^^^^^^^^^^^^^^^^^^^^^^^^^^^^^^^^^^^^^^^^^^^^^^^^^^^^^^^^
  File "C:\Python312\Lib\site-packages\jinja2\environment.py", line 1084, in get_or_select_template
    return self.get_template(template_name_or_list, parent, globals)
           ^^^^^^^^^^^^^^^^^^^^^^^^^^^^^^^^^^^^^^^^^^^^^^^^^^^^^^^^^
  File "C:\Python312\Lib\site-packages\jinja2\environment.py", line 1013, in get_template
    return self._load_template(name, globals)
           ^^^^^^^^^^^^^^^^^^^^^^^^^^^^^^^^^^
  File "C:\Python312\Lib\site-packages\jinja2\environment.py", line 972, in _load_template
    template = self.loader.load(self, name, self.make_globals(globals))
               ^^^^^^^^^^^^^^^^^^^^^^^^^^^^^^^^^^^^^^^^^^^^^^^^^^^^^^^^
  File "C:\Python312\Lib\site-packages\jinja2\loaders.py", line 126, in load
    source, filename, uptodate = self.get_source(environment, name)
                                 ^^^^^^^^^^^^^^^^^^^^^^^^^^^^^^^^^^
  File "C:\Python312\Lib\site-packages\flask\templating.py", line 62, in get_source
    return self._get_source_fast(environment, template)
           ^^^^^^^^^^^^^^^^^^^^^^^^^^^^^^^^^^^^^^^^^^^^
  File "C:\Python312\Lib\site-packages\flask\templating.py", line 98, in _get_source_fast
    raise TemplateNotFound(template)
jinja2.exceptions.TemplateNotFound: control_panel.html
2025-12-04 00:24:09,154 - control_panel - ERROR - Exception on / [GET]
Traceback (most recent call last):
  File "C:\Python312\Lib\site-packages\flask\app.py", line 2525, in wsgi_app
    response = self.full_dispatch_request()
               ^^^^^^^^^^^^^^^^^^^^^^^^^^^^
  File "C:\Python312\Lib\site-packages\flask\app.py", line 1822, in full_dispatch_request
    rv = self.handle_user_exception(e)
         ^^^^^^^^^^^^^^^^^^^^^^^^^^^^^
  File "C:\Python312\Lib\site-packages\flask\app.py", line 1820, in full_dispatch_request
    rv = self.dispatch_request()
         ^^^^^^^^^^^^^^^^^^^^^^^
  File "C:\Python312\Lib\site-packages\flask\app.py", line 1796, in dispatch_request
    return self.ensure_sync(self.view_functions[rule.endpoint])(**view_args)
           ^^^^^^^^^^^^^^^^^^^^^^^^^^^^^^^^^^^^^^^^^^^^^^^^^^^^^^^^^^^^^^^^^
  File "B:\Prog Projects\ServerSide\src\interface\control_panel.py", line 544, in index
    return render_template("control_panel.html", auth_key=settings.ADMIN_AUTH_KEY)
           ^^^^^^^^^^^^^^^^^^^^^^^^^^^^^^^^^^^^^^^^^^^^^^^^^^^^^^^^^^^^^^^^^^^^^^^
  File "C:\Python312\Lib\site-packages\flask\templating.py", line 146, in render_template
    template = app.jinja_env.get_or_select_template(template_name_or_list)
               ^^^^^^^^^^^^^^^^^^^^^^^^^^^^^^^^^^^^^^^^^^^^^^^^^^^^^^^^^^^
  File "C:\Python312\Lib\site-packages\jinja2\environment.py", line 1084, in get_or_select_template
    return self.get_template(template_name_or_list, parent, globals)
           ^^^^^^^^^^^^^^^^^^^^^^^^^^^^^^^^^^^^^^^^^^^^^^^^^^^^^^^^^
  File "C:\Python312\Lib\site-packages\jinja2\environment.py", line 1013, in get_template
    return self._load_template(name, globals)
           ^^^^^^^^^^^^^^^^^^^^^^^^^^^^^^^^^^
  File "C:\Python312\Lib\site-packages\jinja2\environment.py", line 972, in _load_template
    template = self.loader.load(self, name, self.make_globals(globals))
               ^^^^^^^^^^^^^^^^^^^^^^^^^^^^^^^^^^^^^^^^^^^^^^^^^^^^^^^^
  File "C:\Python312\Lib\site-packages\jinja2\loaders.py", line 126, in load
    source, filename, uptodate = self.get_source(environment, name)
                                 ^^^^^^^^^^^^^^^^^^^^^^^^^^^^^^^^^^
  File "C:\Python312\Lib\site-packages\flask\templating.py", line 62, in get_source
    return self._get_source_fast(environment, template)
           ^^^^^^^^^^^^^^^^^^^^^^^^^^^^^^^^^^^^^^^^^^^^
  File "C:\Python312\Lib\site-packages\flask\templating.py", line 98, in _get_source_fast
    raise TemplateNotFound(template)
jinja2.exceptions.TemplateNotFound: control_panel.html
2025-12-04 00:24:11,699 - control_panel - ERROR - Exception on / [GET]
Traceback (most recent call last):
  File "C:\Python312\Lib\site-packages\flask\app.py", line 2525, in wsgi_app
    response = self.full_dispatch_request()
               ^^^^^^^^^^^^^^^^^^^^^^^^^^^^
  File "C:\Python312\Lib\site-packages\flask\app.py", line 1822, in full_dispatch_request
    rv = self.handle_user_exception(e)
         ^^^^^^^^^^^^^^^^^^^^^^^^^^^^^
  File "C:\Python312\Lib\site-packages\flask\app.py", line 1820, in full_dispatch_request
    rv = self.dispatch_request()
         ^^^^^^^^^^^^^^^^^^^^^^^
  File "C:\Python312\Lib\site-packages\flask\app.py", line 1796, in dispatch_request
    return self.ensure_sync(self.view_functions[rule.endpoint])(**view_args)
           ^^^^^^^^^^^^^^^^^^^^^^^^^^^^^^^^^^^^^^^^^^^^^^^^^^^^^^^^^^^^^^^^^
  File "B:\Prog Projects\ServerSide\src\interface\control_panel.py", line 544, in index
    return render_template("control_panel.html", auth_key=settings.ADMIN_AUTH_KEY)
           ^^^^^^^^^^^^^^^^^^^^^^^^^^^^^^^^^^^^^^^^^^^^^^^^^^^^^^^^^^^^^^^^^^^^^^^
  File "C:\Python312\Lib\site-packages\flask\templating.py", line 146, in render_template
    template = app.jinja_env.get_or_select_template(template_name_or_list)
               ^^^^^^^^^^^^^^^^^^^^^^^^^^^^^^^^^^^^^^^^^^^^^^^^^^^^^^^^^^^
  File "C:\Python312\Lib\site-packages\jinja2\environment.py", line 1084, in get_or_select_template
    return self.get_template(template_name_or_list, parent, globals)
           ^^^^^^^^^^^^^^^^^^^^^^^^^^^^^^^^^^^^^^^^^^^^^^^^^^^^^^^^^
  File "C:\Python312\Lib\site-packages\jinja2\environment.py", line 1013, in get_template
    return self._load_template(name, globals)
           ^^^^^^^^^^^^^^^^^^^^^^^^^^^^^^^^^^
  File "C:\Python312\Lib\site-packages\jinja2\environment.py", line 972, in _load_template
    template = self.loader.load(self, name, self.make_globals(globals))
               ^^^^^^^^^^^^^^^^^^^^^^^^^^^^^^^^^^^^^^^^^^^^^^^^^^^^^^^^
  File "C:\Python312\Lib\site-packages\jinja2\loaders.py", line 126, in load
    source, filename, uptodate = self.get_source(environment, name)
                                 ^^^^^^^^^^^^^^^^^^^^^^^^^^^^^^^^^^
  File "C:\Python312\Lib\site-packages\flask\templating.py", line 62, in get_source
    return self._get_source_fast(environment, template)
           ^^^^^^^^^^^^^^^^^^^^^^^^^^^^^^^^^^^^^^^^^^^^
  File "C:\Python312\Lib\site-packages\flask\templating.py", line 98, in _get_source_fast
    raise TemplateNotFound(template)
jinja2.exceptions.TemplateNotFound: control_panel.html
2025-12-04 00:24:16,761 - control_panel - INFO - Starting control panel UI
2025-12-04 00:24:23,373 - control_panel - INFO - API started for profile 'Vanilla' with PID 15328
2025-12-04 00:24:23,375 - control_panel - INFO - Controller started for profile 'Vanilla'
2025-12-04 00:24:25,353 - control_panel - INFO - Client connected to follow logs for profile: Vanilla
2025-12-04 00:24:42,180 - control_panel - INFO - API process stopped
2025-12-04 00:24:58,558 - control_panel - INFO - API started for profile 'Vanilla' with PID 26640
2025-12-04 00:25:06,034 - control_panel - INFO - API process stopped
2025-12-04 00:25:12,738 - control_panel - WARNING - Remote API shutdown failed
2025-12-04 00:25:13,232 - control_panel - INFO - Controller stopped for profile 'Vanilla'
2025-12-04 00:25:26,611 - control_panel - INFO - Starting control panel UI
2025-12-04 00:25:34,726 - control_panel - INFO - API started for profile 'Vanilla' with PID 35032
2025-12-04 00:25:34,730 - control_panel - INFO - Controller started for profile 'Vanilla'
2025-12-04 00:25:36,715 - control_panel - INFO - Client connected to follow logs for profile: Vanilla
2025-12-04 00:25:52,722 - control_panel - INFO - Starting control panel UI
2025-12-04 00:25:55,356 - control_panel - INFO - Client connected to follow logs for profile: Vanilla
2025-12-04 00:25:59,311 - control_panel - INFO - API started for profile 'Vanilla' with PID 16056
2025-12-04 00:25:59,312 - control_panel - INFO - Controller started for profile 'Vanilla'
2025-12-04 00:26:01,162 - control_panel - INFO - Client connected to follow logs for profile: Vanilla
2025-12-04 00:26:05,547 - control_panel - INFO - Playit.exe started with PID 31536
2025-12-04 00:26:09,083 - control_panel - INFO - Playit process stopped
2025-12-04 00:26:16,296 - control_panel - INFO - Starting control panel UI
2025-12-04 00:26:18,347 - control_panel - INFO - Playit.exe started with PID 34400
2025-12-04 00:26:22,884 - control_panel - INFO - API started for profile 'Vanilla' with PID 7108
2025-12-04 00:26:22,885 - control_panel - INFO - Controller started for profile 'Vanilla'
2025-12-04 00:26:24,959 - control_panel - INFO - Client connected to follow logs for profile: Vanilla
2025-12-04 00:26:29,971 - control_panel - INFO - Playit process stopped
2025-12-04 00:29:20,164 - control_panel - INFO - Starting control panel UI
2025-12-04 00:29:22,224 - control_panel - INFO - Playit.exe started with PID 12576
2025-12-04 00:29:28,265 - control_panel - INFO - API started for profile 'Vanilla' with PID 26740
2025-12-04 00:29:28,267 - control_panel - INFO - Controller started for profile 'Vanilla'
2025-12-04 00:29:28,267 - control_panel - ERROR - Exception on / [GET]
Traceback (most recent call last):
  File "C:\Python312\Lib\site-packages\flask\app.py", line 2525, in wsgi_app
    response = self.full_dispatch_request()
               ^^^^^^^^^^^^^^^^^^^^^^^^^^^^
  File "C:\Python312\Lib\site-packages\flask\app.py", line 1822, in full_dispatch_request
    rv = self.handle_user_exception(e)
         ^^^^^^^^^^^^^^^^^^^^^^^^^^^^^
  File "C:\Python312\Lib\site-packages\flask\app.py", line 1820, in full_dispatch_request
    rv = self.dispatch_request()
         ^^^^^^^^^^^^^^^^^^^^^^^
  File "C:\Python312\Lib\site-packages\flask\app.py", line 1796, in dispatch_request
    return self.ensure_sync(self.view_functions[rule.endpoint])(**view_args)
           ^^^^^^^^^^^^^^^^^^^^^^^^^^^^^^^^^^^^^^^^^^^^^^^^^^^^^^^^^^^^^^^^^
  File "B:\Prog Projects\ServerSide\src\interface\control_panel.py", line 545, in index
    return render_template("control_panel.html", auth_key=settings.ADMIN_AUTH_KEY)
           ^^^^^^^^^^^^^^^^^^^^^^^^^^^^^^^^^^^^^^^^^^^^^^^^^^^^^^^^^^^^^^^^^^^^^^^
  File "C:\Python312\Lib\site-packages\flask\templating.py", line 146, in render_template
    template = app.jinja_env.get_or_select_template(template_name_or_list)
               ^^^^^^^^^^^^^^^^^^^^^^^^^^^^^^^^^^^^^^^^^^^^^^^^^^^^^^^^^^^
  File "C:\Python312\Lib\site-packages\jinja2\environment.py", line 1084, in get_or_select_template
    return self.get_template(template_name_or_list, parent, globals)
           ^^^^^^^^^^^^^^^^^^^^^^^^^^^^^^^^^^^^^^^^^^^^^^^^^^^^^^^^^
  File "C:\Python312\Lib\site-packages\jinja2\environment.py", line 1013, in get_template
    return self._load_template(name, globals)
           ^^^^^^^^^^^^^^^^^^^^^^^^^^^^^^^^^^
  File "C:\Python312\Lib\site-packages\jinja2\environment.py", line 972, in _load_template
    template = self.loader.load(self, name, self.make_globals(globals))
               ^^^^^^^^^^^^^^^^^^^^^^^^^^^^^^^^^^^^^^^^^^^^^^^^^^^^^^^^
  File "C:\Python312\Lib\site-packages\jinja2\loaders.py", line 126, in load
    source, filename, uptodate = self.get_source(environment, name)
                                 ^^^^^^^^^^^^^^^^^^^^^^^^^^^^^^^^^^
  File "C:\Python312\Lib\site-packages\flask\templating.py", line 62, in get_source
    return self._get_source_fast(environment, template)
           ^^^^^^^^^^^^^^^^^^^^^^^^^^^^^^^^^^^^^^^^^^^^
  File "C:\Python312\Lib\site-packages\flask\templating.py", line 98, in _get_source_fast
    raise TemplateNotFound(template)
jinja2.exceptions.TemplateNotFound: control_panel.html
2025-12-04 00:29:30,823 - control_panel - ERROR - Exception on / [GET]
Traceback (most recent call last):
  File "C:\Python312\Lib\site-packages\flask\app.py", line 2525, in wsgi_app
    response = self.full_dispatch_request()
               ^^^^^^^^^^^^^^^^^^^^^^^^^^^^
  File "C:\Python312\Lib\site-packages\flask\app.py", line 1822, in full_dispatch_request
    rv = self.handle_user_exception(e)
         ^^^^^^^^^^^^^^^^^^^^^^^^^^^^^
  File "C:\Python312\Lib\site-packages\flask\app.py", line 1820, in full_dispatch_request
    rv = self.dispatch_request()
         ^^^^^^^^^^^^^^^^^^^^^^^
  File "C:\Python312\Lib\site-packages\flask\app.py", line 1796, in dispatch_request
    return self.ensure_sync(self.view_functions[rule.endpoint])(**view_args)
           ^^^^^^^^^^^^^^^^^^^^^^^^^^^^^^^^^^^^^^^^^^^^^^^^^^^^^^^^^^^^^^^^^
  File "B:\Prog Projects\ServerSide\src\interface\control_panel.py", line 545, in index
    return render_template("control_panel.html", auth_key=settings.ADMIN_AUTH_KEY)
           ^^^^^^^^^^^^^^^^^^^^^^^^^^^^^^^^^^^^^^^^^^^^^^^^^^^^^^^^^^^^^^^^^^^^^^^
  File "C:\Python312\Lib\site-packages\flask\templating.py", line 146, in render_template
    template = app.jinja_env.get_or_select_template(template_name_or_list)
               ^^^^^^^^^^^^^^^^^^^^^^^^^^^^^^^^^^^^^^^^^^^^^^^^^^^^^^^^^^^
  File "C:\Python312\Lib\site-packages\jinja2\environment.py", line 1084, in get_or_select_template
    return self.get_template(template_name_or_list, parent, globals)
           ^^^^^^^^^^^^^^^^^^^^^^^^^^^^^^^^^^^^^^^^^^^^^^^^^^^^^^^^^
  File "C:\Python312\Lib\site-packages\jinja2\environment.py", line 1013, in get_template
    return self._load_template(name, globals)
           ^^^^^^^^^^^^^^^^^^^^^^^^^^^^^^^^^^
  File "C:\Python312\Lib\site-packages\jinja2\environment.py", line 972, in _load_template
    template = self.loader.load(self, name, self.make_globals(globals))
               ^^^^^^^^^^^^^^^^^^^^^^^^^^^^^^^^^^^^^^^^^^^^^^^^^^^^^^^^
  File "C:\Python312\Lib\site-packages\jinja2\loaders.py", line 126, in load
    source, filename, uptodate = self.get_source(environment, name)
                                 ^^^^^^^^^^^^^^^^^^^^^^^^^^^^^^^^^^
  File "C:\Python312\Lib\site-packages\flask\templating.py", line 62, in get_source
    return self._get_source_fast(environment, template)
           ^^^^^^^^^^^^^^^^^^^^^^^^^^^^^^^^^^^^^^^^^^^^
  File "C:\Python312\Lib\site-packages\flask\templating.py", line 98, in _get_source_fast
    raise TemplateNotFound(template)
jinja2.exceptions.TemplateNotFound: control_panel.html
2025-12-04 00:30:05,932 - control_panel - INFO - Starting control panel UI
2025-12-04 00:30:07,980 - control_panel - INFO - Playit.exe started with PID 2376
2025-12-04 00:30:12,523 - control_panel - INFO - API started for profile 'Vanilla' with PID 29612
2025-12-04 00:30:12,524 - control_panel - INFO - Controller started for profile 'Vanilla'
2025-12-04 00:30:12,524 - control_panel - ERROR - Exception on / [GET]
Traceback (most recent call last):
  File "C:\Python312\Lib\site-packages\flask\app.py", line 2525, in wsgi_app
    response = self.full_dispatch_request()
               ^^^^^^^^^^^^^^^^^^^^^^^^^^^^
  File "C:\Python312\Lib\site-packages\flask\app.py", line 1822, in full_dispatch_request
    rv = self.handle_user_exception(e)
         ^^^^^^^^^^^^^^^^^^^^^^^^^^^^^
  File "C:\Python312\Lib\site-packages\flask\app.py", line 1820, in full_dispatch_request
    rv = self.dispatch_request()
         ^^^^^^^^^^^^^^^^^^^^^^^
  File "C:\Python312\Lib\site-packages\flask\app.py", line 1796, in dispatch_request
    return self.ensure_sync(self.view_functions[rule.endpoint])(**view_args)
           ^^^^^^^^^^^^^^^^^^^^^^^^^^^^^^^^^^^^^^^^^^^^^^^^^^^^^^^^^^^^^^^^^
  File "B:\Prog Projects\ServerSide\src\interface\control_panel.py", line 546, in index
    return render_template("control_panel.html", auth_key=settings.ADMIN_AUTH_KEY)
           ^^^^^^^^^^^^^^^^^^^^^^^^^^^^^^^^^^^^^^^^^^^^^^^^^^^^^^^^^^^^^^^^^^^^^^^
  File "C:\Python312\Lib\site-packages\flask\templating.py", line 146, in render_template
    template = app.jinja_env.get_or_select_template(template_name_or_list)
               ^^^^^^^^^^^^^^^^^^^^^^^^^^^^^^^^^^^^^^^^^^^^^^^^^^^^^^^^^^^
  File "C:\Python312\Lib\site-packages\jinja2\environment.py", line 1084, in get_or_select_template
    return self.get_template(template_name_or_list, parent, globals)
           ^^^^^^^^^^^^^^^^^^^^^^^^^^^^^^^^^^^^^^^^^^^^^^^^^^^^^^^^^
  File "C:\Python312\Lib\site-packages\jinja2\environment.py", line 1013, in get_template
    return self._load_template(name, globals)
           ^^^^^^^^^^^^^^^^^^^^^^^^^^^^^^^^^^
  File "C:\Python312\Lib\site-packages\jinja2\environment.py", line 972, in _load_template
    template = self.loader.load(self, name, self.make_globals(globals))
               ^^^^^^^^^^^^^^^^^^^^^^^^^^^^^^^^^^^^^^^^^^^^^^^^^^^^^^^^
  File "C:\Python312\Lib\site-packages\jinja2\loaders.py", line 126, in load
    source, filename, uptodate = self.get_source(environment, name)
                                 ^^^^^^^^^^^^^^^^^^^^^^^^^^^^^^^^^^
  File "C:\Python312\Lib\site-packages\flask\templating.py", line 62, in get_source
    return self._get_source_fast(environment, template)
           ^^^^^^^^^^^^^^^^^^^^^^^^^^^^^^^^^^^^^^^^^^^^
  File "C:\Python312\Lib\site-packages\flask\templating.py", line 98, in _get_source_fast
    raise TemplateNotFound(template)
jinja2.exceptions.TemplateNotFound: control_panel.html
2025-12-04 00:30:15,079 - control_panel - ERROR - Exception on / [GET]
Traceback (most recent call last):
  File "C:\Python312\Lib\site-packages\flask\app.py", line 2525, in wsgi_app
    response = self.full_dispatch_request()
               ^^^^^^^^^^^^^^^^^^^^^^^^^^^^
  File "C:\Python312\Lib\site-packages\flask\app.py", line 1822, in full_dispatch_request
    rv = self.handle_user_exception(e)
         ^^^^^^^^^^^^^^^^^^^^^^^^^^^^^
  File "C:\Python312\Lib\site-packages\flask\app.py", line 1820, in full_dispatch_request
    rv = self.dispatch_request()
         ^^^^^^^^^^^^^^^^^^^^^^^
  File "C:\Python312\Lib\site-packages\flask\app.py", line 1796, in dispatch_request
    return self.ensure_sync(self.view_functions[rule.endpoint])(**view_args)
           ^^^^^^^^^^^^^^^^^^^^^^^^^^^^^^^^^^^^^^^^^^^^^^^^^^^^^^^^^^^^^^^^^
  File "B:\Prog Projects\ServerSide\src\interface\control_panel.py", line 546, in index
    return render_template("control_panel.html", auth_key=settings.ADMIN_AUTH_KEY)
           ^^^^^^^^^^^^^^^^^^^^^^^^^^^^^^^^^^^^^^^^^^^^^^^^^^^^^^^^^^^^^^^^^^^^^^^
  File "C:\Python312\Lib\site-packages\flask\templating.py", line 146, in render_template
    template = app.jinja_env.get_or_select_template(template_name_or_list)
               ^^^^^^^^^^^^^^^^^^^^^^^^^^^^^^^^^^^^^^^^^^^^^^^^^^^^^^^^^^^
  File "C:\Python312\Lib\site-packages\jinja2\environment.py", line 1084, in get_or_select_template
    return self.get_template(template_name_or_list, parent, globals)
           ^^^^^^^^^^^^^^^^^^^^^^^^^^^^^^^^^^^^^^^^^^^^^^^^^^^^^^^^^
  File "C:\Python312\Lib\site-packages\jinja2\environment.py", line 1013, in get_template
    return self._load_template(name, globals)
           ^^^^^^^^^^^^^^^^^^^^^^^^^^^^^^^^^^
  File "C:\Python312\Lib\site-packages\jinja2\environment.py", line 972, in _load_template
    template = self.loader.load(self, name, self.make_globals(globals))
               ^^^^^^^^^^^^^^^^^^^^^^^^^^^^^^^^^^^^^^^^^^^^^^^^^^^^^^^^
  File "C:\Python312\Lib\site-packages\jinja2\loaders.py", line 126, in load
    source, filename, uptodate = self.get_source(environment, name)
                                 ^^^^^^^^^^^^^^^^^^^^^^^^^^^^^^^^^^
  File "C:\Python312\Lib\site-packages\flask\templating.py", line 62, in get_source
    return self._get_source_fast(environment, template)
           ^^^^^^^^^^^^^^^^^^^^^^^^^^^^^^^^^^^^^^^^^^^^
  File "C:\Python312\Lib\site-packages\flask\templating.py", line 98, in _get_source_fast
    raise TemplateNotFound(template)
jinja2.exceptions.TemplateNotFound: control_panel.html
2025-12-04 00:31:38,891 - control_panel - INFO - Starting control panel UI
2025-12-04 00:31:40,938 - control_panel - INFO - Playit.exe started with PID 25848
2025-12-04 00:31:46,983 - control_panel - INFO - API started for profile 'Vanilla' with PID 19348
2025-12-04 00:31:46,983 - control_panel - INFO - Controller started for profile 'Vanilla'
2025-12-04 00:31:48,698 - control_panel - INFO - Client connected to follow logs for profile: Vanilla
2025-12-04 00:31:57,944 - control_panel - INFO - Starting control panel UI
2025-12-04 00:32:00,020 - control_panel - INFO - Playit.exe started with PID 22524
2025-12-04 00:32:04,562 - control_panel - INFO - API started for profile 'Vanilla' with PID 21128
2025-12-04 00:32:04,564 - control_panel - INFO - Controller started for profile 'Vanilla'
2025-12-04 00:32:06,574 - control_panel - INFO - Client connected to follow logs for profile: Vanilla
2025-12-04 00:32:11,044 - control_panel - INFO - Playit process stopped
2025-12-04 00:32:14,282 - control_panel - INFO - Controller stopped for profile 'Vanilla'
2025-12-04 00:32:15,209 - control_panel - INFO - API process stopped
2025-12-04 00:32:19,388 - control_panel - WARNING - Remote API shutdown failed
2025-12-04 00:32:21,960 - control_panel - WARNING - Remote API shutdown failed
2025-12-04 00:32:22,146 - control_panel - WARNING - Remote API shutdown failed
2025-12-04 00:50:49,561 - control_panel - INFO - Request: {'method': 'GET', 'url': 'http://localhost:37000/', 'status': 403, 'remote_addr': '127.0.0.1', 'user_agent': 'Mozilla/5.0 (Windows NT 10.0; Win64; x64) AppleWebKit/537.36 (KHTML, like Gecko) Chrome/142.0.0.0 Safari/537.36'}
2025-12-04 00:50:49,690 - control_panel - INFO - Request: {'method': 'GET', 'url': 'http://localhost:37000/favicon.ico', 'status': 403, 'remote_addr': '127.0.0.1', 'user_agent': 'Mozilla/5.0 (Windows NT 10.0; Win64; x64) AppleWebKit/537.36 (KHTML, like Gecko) Chrome/142.0.0.0 Safari/537.36'}
2025-12-04 00:52:02,498 - control_panel - INFO - Starting control panel UI
2025-12-04 00:52:04,566 - control_panel - INFO - Playit.exe started with PID 36248
2025-12-04 00:52:10,629 - control_panel - INFO - API started for profile 'Vanilla' with PID 13608
2025-12-04 00:52:10,629 - control_panel - INFO - Controller started for profile 'Vanilla'
2025-12-04 00:52:12,383 - control_panel - INFO - Client connected to follow logs for profile: Vanilla
2025-12-04 00:52:15,772 - control_panel - INFO - Client connected to follow logs for profile: Vanilla
2025-12-04 00:52:17,178 - control_panel - INFO - Request: {'method': 'GET', 'url': 'http://localhost:37000/', 'status': 403, 'remote_addr': '127.0.0.1', 'user_agent': 'Mozilla/5.0 (Windows NT 10.0; Win64; x64) AppleWebKit/537.36 (KHTML, like Gecko) Chrome/142.0.0.0 Safari/537.36'}
2025-12-04 00:52:17,317 - control_panel - INFO - Request: {'method': 'GET', 'url': 'http://localhost:37000/favicon.ico', 'status': 403, 'remote_addr': '127.0.0.1', 'user_agent': 'Mozilla/5.0 (Windows NT 10.0; Win64; x64) AppleWebKit/537.36 (KHTML, like Gecko) Chrome/142.0.0.0 Safari/537.36'}
2025-12-04 01:00:04,162 - control_panel - INFO - Application shutting down, cleaning up...
2025-12-04 01:01:52,665 - control_panel - INFO - Starting control panel UI
2025-12-04 01:01:54,722 - control_panel - INFO - Playit.exe started with PID 36040
2025-12-04 01:02:00,758 - control_panel - INFO - API started for profile 'Vanilla' with PID 29232
2025-12-04 01:02:00,758 - control_panel - INFO - Controller started for profile 'Vanilla'
2025-12-04 01:02:02,751 - control_panel - INFO - Client connected to follow logs for profile: Vanilla
2025-12-04 01:05:51,161 - control_panel - INFO - Application shutting down, cleaning up...
2025-12-04 01:13:28,771 - control_panel - INFO - Application shutting down, cleaning up...
2025-12-04 01:23:53,100 - control_panel - INFO - Application shutting down, cleaning up...
2025-12-04 01:54:46,306 - control_panel - INFO - Application shutting down, cleaning up...
2025-12-04 02:00:54,740 - control_panel - INFO - Application shutting down, cleaning up...
2025-12-04 02:08:51,523 - control_panel - INFO - Starting control panel UI
2025-12-04 02:08:53,670 - control_panel - INFO - Playit.exe started with PID 31908
2025-12-04 02:08:59,704 - control_panel - INFO - API started for profile 'Vanilla' with PID 10908
2025-12-04 02:08:59,705 - control_panel - INFO - Controller started for profile 'Vanilla'
2025-12-04 02:09:37,991 - control_panel - INFO - Application shutting down, cleaning up...
2025-12-04 02:09:57,296 - control_panel - INFO - Application shutting down, cleaning up...
2025-12-04 02:10:43,395 - control_panel - INFO - Starting control panel UI
2025-12-04 02:10:45,455 - control_panel - INFO - Playit.exe started with PID 26344
2025-12-04 02:10:51,492 - control_panel - INFO - API started for profile 'Vanilla' with PID 23056
2025-12-04 02:10:51,493 - control_panel - INFO - Controller started for profile 'Vanilla'
2025-12-04 02:10:53,447 - control_panel - INFO - Client connected to follow logs for profile: Vanilla
2025-12-04 02:11:48,866 - control_panel - INFO - Application shutting down, cleaning up...
2025-12-04 02:12:20,568 - control_panel - INFO - Starting control panel UI
2025-12-04 02:12:22,631 - control_panel - INFO - Playit.exe started with PID 9456
2025-12-04 02:12:28,666 - control_panel - INFO - API started for profile 'Vanilla' with PID 37796
2025-12-04 02:12:28,668 - control_panel - INFO - Controller started for profile 'Vanilla'
2025-12-04 02:12:30,663 - control_panel - INFO - Client connected to follow logs for profile: Vanilla
2025-12-04 02:12:34,153 - control_panel - INFO - API process stopped
2025-12-04 02:12:50,194 - control_panel - INFO - Controller stopped for profile 'Vanilla'
2025-12-04 02:12:52,413 - control_panel - INFO - Playit process stopped
2025-12-04 02:12:54,900 - control_panel - INFO - Playit.exe started with PID 39124
2025-12-04 02:12:57,899 - control_panel - INFO - Playit process stopped
2025-12-04 02:13:16,218 - control_panel - INFO - Application shutting down, cleaning up...
2025-12-04 02:20:09,986 - control_panel - INFO - Starting control panel UI
2025-12-04 02:20:12,036 - control_panel - INFO - Playit.exe started with PID 12936
2025-12-04 02:20:18,069 - control_panel - INFO - API started for profile 'Vanilla' with PID 26964
2025-12-04 02:20:18,070 - control_panel - INFO - Controller started for profile 'Vanilla'
2025-12-04 02:20:20,031 - control_panel - INFO - Client connected to follow logs for profile: Vanilla
2025-12-04 02:20:45,120 - control_panel - INFO - Starting Minecraft server for profile 'Vanilla'
2025-12-04 02:20:45,130 - control_panel - INFO - Server started with PID 40716
2025-12-04 02:21:11,513 - control_panel - INFO - Force stopping server process for profile 'Vanilla'
2025-12-04 02:21:11,514 - control_panel - INFO - Server force stopped for profile 'Vanilla'
2025-12-04 02:21:24,293 - control_panel - INFO - Sent RCON stop command to profile 'Vanilla'
2025-12-04 02:22:03,328 - control_panel - INFO - Client connected to follow logs for profile: Vanilla
2025-12-04 02:22:32,369 - control_panel - INFO - Application shutting down, cleaning up...
2025-12-04 02:24:47,313 - control_panel - INFO - Starting control panel UI
2025-12-04 02:24:49,367 - control_panel - INFO - Playit.exe started with PID 12736
2025-12-04 02:24:55,395 - control_panel - INFO - API started for profile 'Vanilla' with PID 31556
2025-12-04 02:24:55,396 - control_panel - INFO - Controller started for profile 'Vanilla'
2025-12-04 02:24:57,379 - control_panel - INFO - Client connected to follow logs for profile: Vanilla
2025-12-04 02:25:05,633 - control_panel - INFO - Starting Minecraft server for profile 'Vanilla'
2025-12-04 02:25:05,643 - control_panel - INFO - Server started with PID 38920
2025-12-04 02:25:29,861 - control_panel - INFO - Client connected to follow logs for profile: Vanilla
2025-12-04 02:25:31,676 - control_panel - INFO - Force stopping server process for profile 'Vanilla' (PID: 38920)
2025-12-04 02:25:31,687 - control_panel - INFO - Killing child process PID: 39660
2025-12-04 02:25:31,688 - control_panel - INFO - Killed process tree for PID: 38920
2025-12-04 02:25:47,899 - control_panel - INFO - Starting Minecraft server for profile 'Vanilla'
2025-12-04 02:25:47,911 - control_panel - INFO - Server started with PID 40604
2025-12-04 02:27:26,978 - control_panel - INFO - Sent RCON stop command to profile 'Vanilla'
2025-12-04 02:27:27,825 - control_panel - INFO - Server stopped gracefully for profile 'Vanilla'
2025-12-04 02:35:56,644 - control_panel - INFO - Application shutting down, cleaning up...
2025-12-04 02:35:58,768 - control_panel - INFO - Starting control panel UI
2025-12-04 02:35:59,685 - control_panel - INFO - Client connected to follow logs for profile: Vanilla
2025-12-04 02:36:00,831 - control_panel - INFO - Playit.exe started with PID 30396
2025-12-04 02:36:06,878 - control_panel - INFO - API started for profile 'Vanilla' with PID 40604
2025-12-04 02:36:06,879 - control_panel - INFO - Controller started for profile 'Vanilla'
2025-12-04 02:36:08,841 - control_panel - INFO - Client connected to follow logs for profile: Vanilla
2025-12-04 02:36:11,683 - control_panel - INFO - Starting Minecraft server for profile 'Vanilla'
2025-12-04 02:36:11,697 - control_panel - INFO - Server started with PID 37696
2025-12-04 02:36:25,737 - control_panel - INFO - Force stopping server process for profile 'Vanilla' (PID: 37696)
2025-12-04 02:36:25,810 - control_panel - INFO - Killing child process PID: 18516
2025-12-04 02:36:25,811 - control_panel - INFO - Killed process tree for PID: 37696
2025-12-04 02:36:38,668 - control_panel - INFO - Client connected to follow logs for profile: Vanilla
2025-12-04 02:36:45,863 - control_panel - INFO - Starting Minecraft server for profile 'Vanilla'
2025-12-04 02:36:45,875 - control_panel - INFO - Server started with PID 13132
2025-12-04 02:36:53,892 - control_panel - INFO - Force stopping server process for profile 'Vanilla' (PID: 13132)
2025-12-04 02:36:53,904 - control_panel - INFO - Killing child process PID: 40036
2025-12-04 02:36:53,906 - control_panel - INFO - Killed process tree for PID: 13132
2025-12-04 02:36:58,304 - control_panel - INFO - Starting Minecraft server for profile 'Vanilla'
2025-12-04 02:36:58,317 - control_panel - INFO - Server started with PID 10112
2025-12-04 02:37:00,167 - control_panel - INFO - Force stopping server process for profile 'Vanilla' (PID: 10112)
2025-12-04 02:37:00,177 - control_panel - INFO - Killing child process PID: 40376
2025-12-04 02:37:00,178 - control_panel - INFO - Killed process tree for PID: 10112
2025-12-04 02:37:11,348 - control_panel - INFO - Application shutting down, cleaning up...
2025-12-04 12:21:35,025 - control_panel - INFO - Starting control panel UI
2025-12-04 12:21:37,086 - control_panel - INFO - Playit.exe started with PID 14024
2025-12-04 12:21:43,116 - control_panel - INFO - API started for profile 'Vanilla' with PID 4480
2025-12-04 12:21:43,118 - control_panel - INFO - Controller started for profile 'Vanilla'
2025-12-04 12:21:45,122 - control_panel - INFO - Client connected to follow logs for profile: Vanilla
2025-12-04 12:21:45,753 - control_panel - INFO - API process stopped
2025-12-04 12:22:11,128 - control_panel - INFO - Application shutting down, cleaning up...
2025-12-04 12:28:42,542 - control_panel - INFO - Application shutting down, cleaning up...
2025-12-04 12:30:32,747 - control_panel - INFO - Application shutting down, cleaning up...
2025-12-04 12:33:54,580 - control_panel - INFO - Application shutting down, cleaning up...
2025-12-04 12:34:27,057 - control_panel - INFO - Playit.exe started with PID 25024
2025-12-04 12:34:33,091 - control_panel - INFO - API started for profile 'Vanilla' with PID 23000
2025-12-04 12:34:33,092 - control_panel - INFO - Controller started for profile 'Vanilla'
2025-12-04 12:34:33,122 - control_panel - INFO - Initial password setup completed
2025-12-04 12:34:33,128 - control_panel - INFO - Application shutting down, cleaning up...
2025-12-04 12:35:17,353 - control_panel - INFO - Starting control panel UI
2025-12-04 12:35:19,415 - control_panel - INFO - Playit.exe started with PID 24044
2025-12-04 12:35:20,923 - control_panel - INFO - Request: {'method': 'GET', 'url': 'http://localhost:37000/status', 'status': 206, 'remote_addr': '127.0.0.1', 'user_agent': 'python-requests/2.32.3'}
2025-12-04 12:35:20,929 - control_panel - INFO - Controller started for profile 'Vanilla'
2025-12-04 12:36:29,432 - control_panel - INFO - Application shutting down, cleaning up...
2025-12-04 12:37:38,762 - control_panel - INFO - Playit.exe started with PID 29636
2025-12-04 12:37:40,272 - control_panel - INFO - Request: {'method': 'GET', 'url': 'http://localhost:37000/status', 'status': 206, 'remote_addr': '127.0.0.1', 'user_agent': 'python-requests/2.32.3'}
2025-12-04 12:37:40,273 - control_panel - INFO - Controller started for profile 'Vanilla'
2025-12-04 12:37:40,274 - control_panel - INFO - Starting control panel UI
2025-12-04 12:37:47,615 - control_panel - WARNING - Failed login attempt
2025-12-04 12:39:11,759 - control_panel - INFO - Application shutting down, cleaning up...
2025-12-04 12:41:38,108 - control_panel - INFO - Playit.exe started with PID 28172
2025-12-04 12:41:39,618 - control_panel - INFO - Request: {'method': 'GET', 'url': 'http://localhost:37000/status', 'status': 206, 'remote_addr': '127.0.0.1', 'user_agent': 'python-requests/2.32.3'}
2025-12-04 12:41:39,621 - control_panel - INFO - Controller started for profile 'Vanilla'
2025-12-04 12:41:39,622 - control_panel - INFO - Starting control panel UI
2025-12-04 12:41:59,498 - control_panel - INFO - Initial password setup completed
2025-12-04 12:42:02,823 - control_panel - INFO - Request: {'method': 'GET', 'url': 'http://localhost:37000/status', 'status': 206, 'remote_addr': '127.0.0.1', 'user_agent': 'python-requests/2.32.3'}
2025-12-04 12:42:03,801 - control_panel - INFO - Client connected to follow logs for profile: Vanilla
2025-12-04 12:42:07,859 - control_panel - INFO - Request: {'method': 'GET', 'url': 'http://localhost:37000/status', 'status': 206, 'remote_addr': '127.0.0.1', 'user_agent': 'python-requests/2.32.3'}
2025-12-04 12:42:12,837 - control_panel - INFO - Request: {'method': 'GET', 'url': 'http://localhost:37000/status', 'status': 206, 'remote_addr': '127.0.0.1', 'user_agent': 'python-requests/2.32.3'}
2025-12-04 12:42:15,989 - control_panel - INFO - Request: {'method': 'POST', 'url': 'http://localhost:37000/shutdown', 'status': 403, 'remote_addr': '127.0.0.1', 'user_agent': 'python-requests/2.32.3'}
2025-12-04 12:42:15,995 - control_panel - INFO - Sent remote shutdown to API
2025-12-04 12:42:17,539 - control_panel - INFO - Request: {'method': 'GET', 'url': 'http://localhost:37000/status', 'status': 206, 'remote_addr': '127.0.0.1', 'user_agent': 'python-requests/2.32.3'}
2025-12-04 12:42:19,408 - control_panel - INFO - Request: {'method': 'GET', 'url': 'http://localhost:37000/status', 'status': 206, 'remote_addr': '127.0.0.1', 'user_agent': 'python-requests/2.32.3'}
2025-12-04 12:42:22,538 - control_panel - INFO - Request: {'method': 'GET', 'url': 'http://localhost:37000/status', 'status': 206, 'remote_addr': '127.0.0.1', 'user_agent': 'python-requests/2.32.3'}
2025-12-04 12:42:25,080 - control_panel - INFO - Request: {'method': 'POST', 'url': 'http://localhost:37000/shutdown', 'status': 403, 'remote_addr': '127.0.0.1', 'user_agent': 'python-requests/2.32.3'}
2025-12-04 12:42:25,086 - control_panel - INFO - Sent remote shutdown to API
2025-12-04 12:42:26,625 - control_panel - INFO - Request: {'method': 'GET', 'url': 'http://localhost:37000/status', 'status': 206, 'remote_addr': '127.0.0.1', 'user_agent': 'python-requests/2.32.3'}
2025-12-04 12:42:28,457 - control_panel - INFO - Request: {'method': 'GET', 'url': 'http://localhost:37000/status', 'status': 206, 'remote_addr': '127.0.0.1', 'user_agent': 'python-requests/2.32.3'}
2025-12-04 12:42:29,477 - control_panel - INFO - Request: {'method': 'GET', 'url': 'http://localhost:37000/status', 'status': 206, 'remote_addr': '127.0.0.1', 'user_agent': 'python-requests/2.32.3'}
2025-12-04 12:42:30,170 - control_panel - INFO - Client connected to follow logs for profile: Vanilla
2025-12-04 12:42:32,614 - control_panel - INFO - Request: {'method': 'POST', 'url': 'http://localhost:37000/shutdown', 'status': 403, 'remote_addr': '127.0.0.1', 'user_agent': 'python-requests/2.32.3'}
2025-12-04 12:42:32,619 - control_panel - INFO - Sent remote shutdown to API
2025-12-04 12:42:34,449 - control_panel - INFO - Request: {'method': 'GET', 'url': 'http://localhost:37000/status', 'status': 206, 'remote_addr': '127.0.0.1', 'user_agent': 'python-requests/2.32.3'}
2025-12-04 12:42:34,881 - control_panel - INFO - Request: {'method': 'POST', 'url': 'http://localhost:37000/shutdown', 'status': 403, 'remote_addr': '127.0.0.1', 'user_agent': 'python-requests/2.32.3'}
2025-12-04 12:42:34,887 - control_panel - INFO - Sent remote shutdown to API
2025-12-04 12:42:35,065 - control_panel - INFO - Request: {'method': 'POST', 'url': 'http://localhost:37000/shutdown', 'status': 403, 'remote_addr': '127.0.0.1', 'user_agent': 'python-requests/2.32.3'}
2025-12-04 12:42:35,073 - control_panel - INFO - Sent remote shutdown to API
2025-12-04 12:42:35,757 - control_panel - INFO - Controller stopped for profile 'Vanilla'
2025-12-04 12:42:36,299 - control_panel - INFO - Request: {'method': 'GET', 'url': 'http://localhost:37000/status', 'status': 206, 'remote_addr': '127.0.0.1', 'user_agent': 'python-requests/2.32.3'}
2025-12-04 12:42:38,147 - control_panel - INFO - Request: {'method': 'GET', 'url': 'http://localhost:37000/status', 'status': 206, 'remote_addr': '127.0.0.1', 'user_agent': 'python-requests/2.32.3'}
2025-12-04 12:42:38,359 - control_panel - INFO - Playit process stopped
2025-12-04 12:42:39,999 - control_panel - INFO - Request: {'method': 'GET', 'url': 'http://localhost:37000/status', 'status': 206, 'remote_addr': '127.0.0.1', 'user_agent': 'python-requests/2.32.3'}
2025-12-04 12:42:40,960 - control_panel - INFO - Playit.exe started with PID 6960
2025-12-04 12:42:41,862 - control_panel - INFO - Request: {'method': 'GET', 'url': 'http://localhost:37000/status', 'status': 206, 'remote_addr': '127.0.0.1', 'user_agent': 'python-requests/2.32.3'}
2025-12-04 12:42:43,199 - control_panel - INFO - Playit process stopped
2025-12-04 12:42:43,698 - control_panel - INFO - Request: {'method': 'GET', 'url': 'http://localhost:37000/status', 'status': 206, 'remote_addr': '127.0.0.1', 'user_agent': 'python-requests/2.32.3'}
2025-12-04 12:42:45,573 - control_panel - INFO - Request: {'method': 'GET', 'url': 'http://localhost:37000/status', 'status': 206, 'remote_addr': '127.0.0.1', 'user_agent': 'python-requests/2.32.3'}
2025-12-04 12:42:47,398 - control_panel - INFO - Request: {'method': 'GET', 'url': 'http://localhost:37000/status', 'status': 206, 'remote_addr': '127.0.0.1', 'user_agent': 'python-requests/2.32.3'}
2025-12-04 12:42:49,242 - control_panel - INFO - Request: {'method': 'GET', 'url': 'http://localhost:37000/status', 'status': 206, 'remote_addr': '127.0.0.1', 'user_agent': 'python-requests/2.32.3'}
2025-12-04 12:42:51,099 - control_panel - INFO - Request: {'method': 'GET', 'url': 'http://localhost:37000/status', 'status': 206, 'remote_addr': '127.0.0.1', 'user_agent': 'python-requests/2.32.3'}
2025-12-04 12:42:52,955 - control_panel - INFO - Request: {'method': 'GET', 'url': 'http://localhost:37000/status', 'status': 206, 'remote_addr': '127.0.0.1', 'user_agent': 'python-requests/2.32.3'}
2025-12-04 12:42:54,789 - control_panel - INFO - Request: {'method': 'GET', 'url': 'http://localhost:37000/status', 'status': 206, 'remote_addr': '127.0.0.1', 'user_agent': 'python-requests/2.32.3'}
2025-12-04 12:42:59,257 - control_panel - INFO - Request: {'method': 'GET', 'url': 'http://localhost:37000/status', 'status': 206, 'remote_addr': '127.0.0.1', 'user_agent': 'python-requests/2.32.3'}
2025-12-04 12:43:00,193 - control_panel - INFO - Request: {'method': 'POST', 'url': 'http://localhost:37000/shutdown', 'status': 403, 'remote_addr': '127.0.0.1', 'user_agent': 'python-requests/2.32.3'}
2025-12-04 12:43:00,195 - control_panel - INFO - Sent remote shutdown to API
2025-12-04 12:43:00,845 - control_panel - INFO - Request: {'method': 'POST', 'url': 'http://localhost:37000/shutdown', 'status': 403, 'remote_addr': '127.0.0.1', 'user_agent': 'python-requests/2.32.3'}
2025-12-04 12:43:00,849 - control_panel - INFO - Sent remote shutdown to API
2025-12-04 12:43:01,032 - control_panel - INFO - Request: {'method': 'POST', 'url': 'http://localhost:37000/shutdown', 'status': 403, 'remote_addr': '127.0.0.1', 'user_agent': 'python-requests/2.32.3'}
2025-12-04 12:43:01,034 - control_panel - INFO - Sent remote shutdown to API
2025-12-04 12:43:02,044 - control_panel - INFO - Request: {'method': 'GET', 'url': 'http://localhost:37000/status', 'status': 206, 'remote_addr': '127.0.0.1', 'user_agent': 'python-requests/2.32.3'}
2025-12-04 12:43:02,765 - control_panel - INFO - Request: {'method': 'POST', 'url': 'http://localhost:37000/shutdown', 'status': 403, 'remote_addr': '127.0.0.1', 'user_agent': 'python-requests/2.32.3'}
2025-12-04 12:43:02,766 - control_panel - INFO - Sent remote shutdown to API
2025-12-04 12:43:02,941 - control_panel - INFO - Request: {'method': 'POST', 'url': 'http://localhost:37000/shutdown', 'status': 403, 'remote_addr': '127.0.0.1', 'user_agent': 'python-requests/2.32.3'}
2025-12-04 12:43:02,946 - control_panel - INFO - Sent remote shutdown to API
2025-12-04 12:43:03,894 - control_panel - INFO - Request: {'method': 'GET', 'url': 'http://localhost:37000/status', 'status': 206, 'remote_addr': '127.0.0.1', 'user_agent': 'python-requests/2.32.3'}
2025-12-04 12:43:05,753 - control_panel - INFO - Request: {'method': 'GET', 'url': 'http://localhost:37000/status', 'status': 206, 'remote_addr': '127.0.0.1', 'user_agent': 'python-requests/2.32.3'}
2025-12-04 12:43:07,584 - control_panel - INFO - Request: {'method': 'GET', 'url': 'http://localhost:37000/status', 'status': 206, 'remote_addr': '127.0.0.1', 'user_agent': 'python-requests/2.32.3'}
2025-12-04 12:43:09,447 - control_panel - INFO - Request: {'method': 'GET', 'url': 'http://localhost:37000/status', 'status': 206, 'remote_addr': '127.0.0.1', 'user_agent': 'python-requests/2.32.3'}
2025-12-04 12:43:11,296 - control_panel - INFO - Request: {'method': 'GET', 'url': 'http://localhost:37000/status', 'status': 206, 'remote_addr': '127.0.0.1', 'user_agent': 'python-requests/2.32.3'}
2025-12-04 12:43:13,165 - control_panel - INFO - Request: {'method': 'GET', 'url': 'http://localhost:37000/status', 'status': 206, 'remote_addr': '127.0.0.1', 'user_agent': 'python-requests/2.32.3'}
2025-12-04 12:43:15,110 - control_panel - INFO - Request: {'method': 'GET', 'url': 'http://localhost:37000/status', 'status': 206, 'remote_addr': '127.0.0.1', 'user_agent': 'python-requests/2.32.3'}
2025-12-04 12:43:19,550 - control_panel - INFO - Request: {'method': 'GET', 'url': 'http://localhost:37000/status', 'status': 206, 'remote_addr': '127.0.0.1', 'user_agent': 'python-requests/2.32.3'}
2025-12-04 12:43:25,117 - control_panel - INFO - Request: {'method': 'GET', 'url': 'http://localhost:37000/status', 'status': 206, 'remote_addr': '127.0.0.1', 'user_agent': 'python-requests/2.32.3'}
2025-12-04 12:43:30,117 - control_panel - INFO - Request: {'method': 'GET', 'url': 'http://localhost:37000/status', 'status': 206, 'remote_addr': '127.0.0.1', 'user_agent': 'python-requests/2.32.3'}
2025-12-04 12:43:35,122 - control_panel - INFO - Request: {'method': 'GET', 'url': 'http://localhost:37000/status', 'status': 206, 'remote_addr': '127.0.0.1', 'user_agent': 'python-requests/2.32.3'}
2025-12-04 12:43:40,102 - control_panel - INFO - Request: {'method': 'GET', 'url': 'http://localhost:37000/status', 'status': 206, 'remote_addr': '127.0.0.1', 'user_agent': 'python-requests/2.32.3'}
2025-12-04 12:43:45,127 - control_panel - INFO - Request: {'method': 'GET', 'url': 'http://localhost:37000/status', 'status': 206, 'remote_addr': '127.0.0.1', 'user_agent': 'python-requests/2.32.3'}
2025-12-04 12:43:45,916 - control_panel - INFO - Application shutting down, cleaning up...
2025-12-04 12:52:12,149 - control_panel - INFO - Application shutting down, cleaning up...
2025-12-04 12:52:27,581 - control_panel - INFO - Application shutting down, cleaning up...
2025-12-04 12:54:27,751 - control_panel - INFO - Playit.exe started with PID 16924
2025-12-04 12:54:29,268 - control_panel - INFO - Request: {'method': 'GET', 'url': 'http://localhost:37000/status', 'status': 206, 'remote_addr': '127.0.0.1', 'user_agent': 'python-requests/2.32.3'}
2025-12-04 12:54:29,270 - control_panel - INFO - Controller started for profile 'Vanilla'
2025-12-04 12:54:29,271 - control_panel - INFO - Starting control panel UI
2025-12-04 12:54:38,641 - control_panel - INFO - User logged in successfully
2025-12-04 12:54:41,455 - control_panel - INFO - Request: {'method': 'GET', 'url': 'http://localhost:37000/status', 'status': 206, 'remote_addr': '127.0.0.1', 'user_agent': 'python-requests/2.32.3'}
2025-12-04 12:54:42,790 - control_panel - INFO - Client connected to follow logs for profile: Vanilla
2025-12-04 12:54:43,005 - control_panel - INFO - Request: {'method': 'GET', 'url': 'http://localhost:37000/status', 'status': 206, 'remote_addr': '127.0.0.1', 'user_agent': 'python-requests/2.32.3'}
2025-12-04 12:54:44,490 - control_panel - INFO - User logged out
2025-12-04 12:56:40,392 - control_panel - INFO - User logged in successfully
2025-12-04 12:56:43,021 - control_panel - INFO - Request: {'method': 'GET', 'url': 'http://localhost:37000/status', 'status': 206, 'remote_addr': '127.0.0.1', 'user_agent': 'python-requests/2.32.3'}
2025-12-04 12:56:44,340 - control_panel - INFO - Client connected to follow logs for profile: Vanilla
2025-12-04 12:56:47,817 - control_panel - INFO - Request: {'method': 'GET', 'url': 'http://localhost:37000/status', 'status': 206, 'remote_addr': '127.0.0.1', 'user_agent': 'python-requests/2.32.3'}
2025-12-04 12:56:52,829 - control_panel - INFO - Request: {'method': 'GET', 'url': 'http://localhost:37000/status', 'status': 206, 'remote_addr': '127.0.0.1', 'user_agent': 'python-requests/2.32.3'}
2025-12-04 12:56:57,869 - control_panel - INFO - Request: {'method': 'GET', 'url': 'http://localhost:37000/status', 'status': 206, 'remote_addr': '127.0.0.1', 'user_agent': 'python-requests/2.32.3'}
2025-12-04 12:56:59,786 - control_panel - INFO - Request: {'method': 'POST', 'url': 'http://localhost:37000/shutdown', 'status': 403, 'remote_addr': '127.0.0.1', 'user_agent': 'python-requests/2.32.3'}
2025-12-04 12:56:59,787 - control_panel - INFO - Sent remote shutdown to API (fallback)
2025-12-04 12:57:02,808 - control_panel - INFO - Request: {'method': 'GET', 'url': 'http://localhost:37000/status', 'status': 206, 'remote_addr': '127.0.0.1', 'user_agent': 'python-requests/2.32.3'}
2025-12-04 12:57:02,816 - control_panel - WARNING - API still responding after fallback shutdown
2025-12-04 12:57:03,128 - control_panel - INFO - Request: {'method': 'GET', 'url': 'http://localhost:37000/status', 'status': 206, 'remote_addr': '127.0.0.1', 'user_agent': 'python-requests/2.32.3'}
2025-12-04 12:57:04,969 - control_panel - INFO - Request: {'method': 'GET', 'url': 'http://localhost:37000/status', 'status': 206, 'remote_addr': '127.0.0.1', 'user_agent': 'python-requests/2.32.3'}
2025-12-04 12:57:07,477 - control_panel - INFO - Request: {'method': 'POST', 'url': 'http://localhost:37000/shutdown', 'status': 403, 'remote_addr': '127.0.0.1', 'user_agent': 'python-requests/2.32.3'}
2025-12-04 12:57:07,483 - control_panel - INFO - Sent remote shutdown to API (fallback)
2025-12-04 12:57:07,827 - control_panel - INFO - Request: {'method': 'POST', 'url': 'http://localhost:37000/shutdown', 'status': 403, 'remote_addr': '127.0.0.1', 'user_agent': 'python-requests/2.32.3'}
2025-12-04 12:57:07,828 - control_panel - INFO - Sent remote shutdown to API (fallback)
2025-12-04 12:57:08,139 - control_panel - INFO - Request: {'method': 'GET', 'url': 'http://localhost:37000/status', 'status': 206, 'remote_addr': '127.0.0.1', 'user_agent': 'python-requests/2.32.3'}
2025-12-04 12:57:08,310 - control_panel - INFO - Request: {'method': 'POST', 'url': 'http://localhost:37000/shutdown', 'status': 403, 'remote_addr': '127.0.0.1', 'user_agent': 'python-requests/2.32.3'}
2025-12-04 12:57:08,316 - control_panel - INFO - Sent remote shutdown to API (fallback)
2025-12-04 12:57:08,617 - control_panel - INFO - Request: {'method': 'POST', 'url': 'http://localhost:37000/shutdown', 'status': 403, 'remote_addr': '127.0.0.1', 'user_agent': 'python-requests/2.32.3'}
2025-12-04 12:57:08,621 - control_panel - INFO - Sent remote shutdown to API (fallback)
2025-12-04 12:57:09,653 - control_panel - INFO - Request: {'method': 'POST', 'url': 'http://localhost:37000/shutdown', 'status': 403, 'remote_addr': '127.0.0.1', 'user_agent': 'python-requests/2.32.3'}
2025-12-04 12:57:09,654 - control_panel - INFO - Sent remote shutdown to API (fallback)
2025-12-04 12:57:10,506 - control_panel - INFO - Request: {'method': 'POST', 'url': 'http://localhost:37000/shutdown', 'status': 403, 'remote_addr': '127.0.0.1', 'user_agent': 'python-requests/2.32.3'}
2025-12-04 12:57:10,509 - control_panel - INFO - Sent remote shutdown to API (fallback)
2025-12-04 12:57:10,510 - control_panel - INFO - Request: {'method': 'GET', 'url': 'http://localhost:37000/status', 'status': 206, 'remote_addr': '127.0.0.1', 'user_agent': 'python-requests/2.32.3'}
2025-12-04 12:57:10,512 - control_panel - WARNING - API still responding after fallback shutdown
2025-12-04 12:57:10,857 - control_panel - INFO - Request: {'method': 'GET', 'url': 'http://localhost:37000/status', 'status': 206, 'remote_addr': '127.0.0.1', 'user_agent': 'python-requests/2.32.3'}
2025-12-04 12:57:10,859 - control_panel - WARNING - API still responding after fallback shutdown
2025-12-04 12:57:11,356 - control_panel - INFO - Request: {'method': 'GET', 'url': 'http://localhost:37000/status', 'status': 206, 'remote_addr': '127.0.0.1', 'user_agent': 'python-requests/2.32.3'}
2025-12-04 12:57:11,361 - control_panel - WARNING - API still responding after fallback shutdown
2025-12-04 12:57:11,644 - control_panel - INFO - Request: {'method': 'GET', 'url': 'http://localhost:37000/status', 'status': 206, 'remote_addr': '127.0.0.1', 'user_agent': 'python-requests/2.32.3'}
2025-12-04 12:57:11,645 - control_panel - WARNING - API still responding after fallback shutdown
2025-12-04 12:57:12,667 - control_panel - INFO - Request: {'method': 'GET', 'url': 'http://localhost:37000/status', 'status': 206, 'remote_addr': '127.0.0.1', 'user_agent': 'python-requests/2.32.3'}
2025-12-04 12:57:12,669 - control_panel - INFO - Request: {'method': 'GET', 'url': 'http://localhost:37000/status', 'status': 206, 'remote_addr': '127.0.0.1', 'user_agent': 'python-requests/2.32.3'}
2025-12-04 12:57:12,670 - control_panel - WARNING - API still responding after fallback shutdown
2025-12-04 12:57:13,518 - control_panel - INFO - Request: {'method': 'GET', 'url': 'http://localhost:37000/status', 'status': 206, 'remote_addr': '127.0.0.1', 'user_agent': 'python-requests/2.32.3'}
2025-12-04 12:57:13,525 - control_panel - WARNING - API still responding after fallback shutdown
2025-12-04 12:57:14,514 - control_panel - INFO - Request: {'method': 'GET', 'url': 'http://localhost:37000/status', 'status': 206, 'remote_addr': '127.0.0.1', 'user_agent': 'python-requests/2.32.3'}
2025-12-04 12:57:16,363 - control_panel - INFO - Request: {'method': 'GET', 'url': 'http://localhost:37000/status', 'status': 206, 'remote_addr': '127.0.0.1', 'user_agent': 'python-requests/2.32.3'}
2025-12-04 12:57:16,466 - control_panel - INFO - Controller stopped for profile 'Vanilla'
2025-12-04 12:57:18,214 - control_panel - INFO - Request: {'method': 'GET', 'url': 'http://localhost:37000/status', 'status': 206, 'remote_addr': '127.0.0.1', 'user_agent': 'python-requests/2.32.3'}
2025-12-04 12:57:20,089 - control_panel - INFO - Request: {'method': 'GET', 'url': 'http://localhost:37000/status', 'status': 206, 'remote_addr': '127.0.0.1', 'user_agent': 'python-requests/2.32.3'}
2025-12-04 12:57:21,918 - control_panel - INFO - Request: {'method': 'GET', 'url': 'http://localhost:37000/status', 'status': 206, 'remote_addr': '127.0.0.1', 'user_agent': 'python-requests/2.32.3'}
2025-12-04 12:57:23,773 - control_panel - INFO - Request: {'method': 'GET', 'url': 'http://localhost:37000/status', 'status': 206, 'remote_addr': '127.0.0.1', 'user_agent': 'python-requests/2.32.3'}
2025-12-04 12:57:25,601 - control_panel - INFO - Request: {'method': 'GET', 'url': 'http://localhost:37000/status', 'status': 206, 'remote_addr': '127.0.0.1', 'user_agent': 'python-requests/2.32.3'}
2025-12-04 12:57:27,454 - control_panel - INFO - Request: {'method': 'GET', 'url': 'http://localhost:37000/status', 'status': 206, 'remote_addr': '127.0.0.1', 'user_agent': 'python-requests/2.32.3'}
2025-12-04 12:57:29,316 - control_panel - INFO - Request: {'method': 'GET', 'url': 'http://localhost:37000/status', 'status': 206, 'remote_addr': '127.0.0.1', 'user_agent': 'python-requests/2.32.3'}
2025-12-04 12:57:31,171 - control_panel - INFO - Request: {'method': 'GET', 'url': 'http://localhost:37000/status', 'status': 206, 'remote_addr': '127.0.0.1', 'user_agent': 'python-requests/2.32.3'}
2025-12-04 12:57:33,145 - control_panel - INFO - Request: {'method': 'GET', 'url': 'http://localhost:37000/status', 'status': 206, 'remote_addr': '127.0.0.1', 'user_agent': 'python-requests/2.32.3'}
2025-12-04 12:57:38,140 - control_panel - INFO - Request: {'method': 'GET', 'url': 'http://localhost:37000/status', 'status': 206, 'remote_addr': '127.0.0.1', 'user_agent': 'python-requests/2.32.3'}
2025-12-04 12:57:43,143 - control_panel - INFO - Request: {'method': 'GET', 'url': 'http://localhost:37000/status', 'status': 206, 'remote_addr': '127.0.0.1', 'user_agent': 'python-requests/2.32.3'}
2025-12-04 12:57:46,454 - control_panel - INFO - Application shutting down, cleaning up...
